<?xml version="1.0" encoding="UTF-8"?>
<!-- Generated by org.testng.reporters.JUnitXMLReporter -->
<testsuite ignored="0" hostname="DESKTOP-DDIML4T" failures="0" tests="3" name="Default test" time="23.366" errors="0" timestamp="2025-11-18T14:09:31 CST">
  <testcase classname="com.Framework_with_cicd.TestCases.ElementsPageTest" name="TC01_VerifyNavigationToElementsPage" time="0.389"/>
  <testcase classname="com.Framework_with_cicd.TestCases.ElementsPageTest" name="TC02_ValidateTextBoxOptionOpensTextBoxPage" time="0.36"/>
  <testcase classname="com.Framework_with_cicd.TestCases.ElementsPageTest" name="TC03_ValidateTextBoxOptionOpensTextBoxPage" time="0.652"/>
</testsuite> <!-- Default test -->
