<?xml version="1.0" encoding="UTF-8"?>
<!-- Generated by org.testng.reporters.JUnitXMLReporter -->
<testsuite ignored="0" hostname="DESKTOP-DDIML4T" failures="0" tests="6" name="Test" time="36.921" errors="0" timestamp="2025-12-10T16:45:00 CST">
  <testcase classname="com.Framework_with_cicd.TestCases.ElementsPageTest" name="TC01_VerifyNavigationToElementsPage" time="0.475"/>
  <testcase classname="com.Framework_with_cicd.TestCases.ElementsPageTest" name="TC02_ValidateTextBoxOptionOpensTextBoxPage" time="0.632"/>
  <testcase classname="com.Framework_with_cicd.TestCases.ElementsPageTest" name="TC03_ValidateTextBoxOptionOpensTextBoxPage" time="1.278"/>
  <testcase classname="com.Framework_with_cicd.TestCases.ElementsPageTest" name="TC04_XlDataProviderValidation" time="1.353"/>
  <testcase classname="com.Framework_with_cicd.TestCases.ElementsPageTest" name="TC04_XlDataProviderValidation" time="1.508"/>
  <testcase classname="com.Framework_with_cicd.TestCases.ElementsPageTest" name="TC05_ValidateTextBoxOptionOpensTextBoxPage1" time="1.66"/>
</testsuite> <!-- Test -->
