<?xml version="1.0" encoding="UTF-8"?>
<!-- Generated by org.testng.reporters.JUnitXMLReporter -->
<testsuite ignored="0" hostname="DESKTOP-DDIML4T" failures="0" tests="6" name="Test" time="41.415" errors="0" timestamp="2025-12-11T17:02:22 CST">
  <testcase classname="com.Framework_with_cicd.TestCases.ElementsPageTest" name="TC01_VerifyNavigationToElementsPage" time="0.32"/>
  <testcase classname="com.Framework_with_cicd.TestCases.ElementsPageTest" name="TC02_ValidateTextBoxOptionOpensTextBoxPage" time="0.431"/>
  <testcase classname="com.Framework_with_cicd.TestCases.ElementsPageTest" name="TC03_ValidateTextBoxOptionOpensTextBoxPage" time="1.189"/>
  <testcase classname="com.Framework_with_cicd.TestCases.ElementsPageTest" name="TC04_XlDataProviderValidation" time="0.899"/>
  <testcase classname="com.Framework_with_cicd.TestCases.ElementsPageTest" name="TC04_XlDataProviderValidation" time="1.622"/>
  <testcase classname="com.Framework_with_cicd.TestCases.ElementsPageTest" name="TC04_XlDataProviderValidation" time="1.213"/>
</testsuite> <!-- Test -->
