<?xml version="1.0" encoding="UTF-8"?>
<!-- Generated by org.testng.reporters.JUnitXMLReporter -->
<testsuite ignored="0" hostname="DESKTOP-DDIML4T" failures="3" tests="3" name="Test" time="23.105" errors="0" timestamp="2025-12-08T17:30:13 CST">
  <testcase classname="com.Framework_with_cicd.TestCases.ElementsPageTest" name="TC01_VerifyNavigationToElementsPage" time="0.143">
    <failure type="java.lang.NoClassDefFoundError" message="com/Framework_with_cicd/PageObjects/HomePage">
      <![CDATA[java.lang.NoClassDefFoundError: com/Framework_with_cicd/PageObjects/HomePage
at com.Framework_with_cicd.TestCases.ElementsPageTest.TC01_VerifyNavigationToElementsPage(ElementsPageTest.java:33)
at java.base/java.util.ArrayList.forEach(ArrayList.java:1597)
Caused by: java.lang.ClassNotFoundException: com.Framework_with_cicd.PageObjects.HomePage
at java.base/jdk.internal.loader.BuiltinClassLoader.loadClass(BuiltinClassLoader.java:641)
at java.base/jdk.internal.loader.ClassLoaders$AppClassLoader.loadClass(ClassLoaders.java:188)
at java.base/java.lang.ClassLoader.loadClass(ClassLoader.java:525)
... 31 more
... Removed 29 stack frames]]>
    </failure>
  </testcase> <!-- TC01_VerifyNavigationToElementsPage -->
  <testcase classname="com.Framework_with_cicd.TestCases.ElementsPageTest" name="TC02_ValidateTextBoxOptionOpensTextBoxPage" time="0.034">
    <failure type="java.lang.NoClassDefFoundError" message="com/Framework_with_cicd/PageObjects/HomePage">
      <![CDATA[java.lang.NoClassDefFoundError: com/Framework_with_cicd/PageObjects/HomePage
at com.Framework_with_cicd.TestCases.ElementsPageTest.TC02_ValidateTextBoxOptionOpensTextBoxPage(ElementsPageTest.java:80)
at java.base/java.util.ArrayList.forEach(ArrayList.java:1597)
Caused by: java.lang.ClassNotFoundException: com.Framework_with_cicd.PageObjects.HomePage
... 31 more
... Removed 29 stack frames]]>
    </failure>
  </testcase> <!-- TC02_ValidateTextBoxOptionOpensTextBoxPage -->
  <testcase classname="com.Framework_with_cicd.TestCases.ElementsPageTest" name="TC03_ValidateTextBoxOptionOpensTextBoxPage" time="0.007">
    <failure type="java.lang.NoClassDefFoundError" message="com/Framework_with_cicd/PageObjects/HomePage">
      <![CDATA[java.lang.NoClassDefFoundError: com/Framework_with_cicd/PageObjects/HomePage
at com.Framework_with_cicd.TestCases.ElementsPageTest.TC03_ValidateTextBoxOptionOpensTextBoxPage(ElementsPageTest.java:121)
at java.base/java.util.ArrayList.forEach(ArrayList.java:1597)
Caused by: java.lang.ClassNotFoundException: com.Framework_with_cicd.PageObjects.HomePage
... 31 more
... Removed 29 stack frames]]>
    </failure>
  </testcase> <!-- TC03_ValidateTextBoxOptionOpensTextBoxPage -->
</testsuite> <!-- Test -->
