<?xml version="1.0" encoding="UTF-8"?>
<testng-results ignored="0" total="6" passed="6" failed="0" skipped="0">
  <reporter-output>
  </reporter-output>
  <suite started-at="2025-12-10T16:44:24 CST" name="Suite" finished-at="2025-12-10T16:45:00 CST" duration-ms="36921">
    <groups>
    </groups>
    <test started-at="2025-12-10T16:44:24 CST" name="Test" finished-at="2025-12-10T16:45:00 CST" duration-ms="36921">
      <class name="com.Framework_with_cicd.TestCases.ElementsPageTest">
        <test-method is-config="true" signature="preConditions()[pri:0, instance:com.Framework_with_cicd.TestCases.ElementsPageTest@13c9d689]" started-at="2025-12-10T16:44:23 CST" name="preConditions" finished-at="2025-12-10T16:44:24 CST" duration-ms="229" status="PASS">
          <reporter-output>
          </reporter-output>
        </test-method> <!-- preConditions -->
        <test-method is-config="true" signature="setUp()[pri:0, instance:com.Framework_with_cicd.TestCases.ElementsPageTest@13c9d689]" started-at="2025-12-10T16:44:24 CST" name="setUp" finished-at="2025-12-10T16:44:30 CST" duration-ms="6724" status="PASS">
          <reporter-output>
          </reporter-output>
        </test-method> <!-- setUp -->
        <test-method signature="TC01_VerifyNavigationToElementsPage()[pri:0, instance:com.Framework_with_cicd.TestCases.ElementsPageTest@13c9d689]" started-at="2025-12-10T16:44:30 CST" name="TC01_VerifyNavigationToElementsPage" finished-at="2025-12-10T16:44:31 CST" duration-ms="475" status="PASS">
          <reporter-output>
          </reporter-output>
        </test-method> <!-- TC01_VerifyNavigationToElementsPage -->
        <test-method is-config="true" signature="tearDown()[pri:0, instance:com.Framework_with_cicd.TestCases.ElementsPageTest@13c9d689]" started-at="2025-12-10T16:44:31 CST" name="tearDown" finished-at="2025-12-10T16:44:31 CST" duration-ms="329" status="PASS">
          <reporter-output>
          </reporter-output>
        </test-method> <!-- tearDown -->
        <test-method is-config="true" signature="setUp()[pri:0, instance:com.Framework_with_cicd.TestCases.ElementsPageTest@13c9d689]" started-at="2025-12-10T16:44:31 CST" name="setUp" finished-at="2025-12-10T16:44:35 CST" duration-ms="3749" status="PASS">
          <reporter-output>
          </reporter-output>
        </test-method> <!-- setUp -->
        <test-method signature="TC02_ValidateTextBoxOptionOpensTextBoxPage()[pri:0, instance:com.Framework_with_cicd.TestCases.ElementsPageTest@13c9d689]" started-at="2025-12-10T16:44:35 CST" name="TC02_ValidateTextBoxOptionOpensTextBoxPage" finished-at="2025-12-10T16:44:36 CST" duration-ms="632" status="PASS">
          <reporter-output>
          </reporter-output>
        </test-method> <!-- TC02_ValidateTextBoxOptionOpensTextBoxPage -->
        <test-method is-config="true" signature="tearDown()[pri:0, instance:com.Framework_with_cicd.TestCases.ElementsPageTest@13c9d689]" started-at="2025-12-10T16:44:36 CST" name="tearDown" finished-at="2025-12-10T16:44:36 CST" duration-ms="329" status="PASS">
          <reporter-output>
          </reporter-output>
        </test-method> <!-- tearDown -->
        <test-method is-config="true" signature="setUp()[pri:0, instance:com.Framework_with_cicd.TestCases.ElementsPageTest@13c9d689]" started-at="2025-12-10T16:44:36 CST" name="setUp" finished-at="2025-12-10T16:44:40 CST" duration-ms="4172" status="PASS">
          <reporter-output>
          </reporter-output>
        </test-method> <!-- setUp -->
        <test-method signature="TC03_ValidateTextBoxOptionOpensTextBoxPage()[pri:0, instance:com.Framework_with_cicd.TestCases.ElementsPageTest@13c9d689]" started-at="2025-12-10T16:44:40 CST" name="TC03_ValidateTextBoxOptionOpensTextBoxPage" finished-at="2025-12-10T16:44:41 CST" duration-ms="1278" status="PASS">
          <reporter-output>
          </reporter-output>
        </test-method> <!-- TC03_ValidateTextBoxOptionOpensTextBoxPage -->
        <test-method is-config="true" signature="tearDown()[pri:0, instance:com.Framework_with_cicd.TestCases.ElementsPageTest@13c9d689]" started-at="2025-12-10T16:44:41 CST" name="tearDown" finished-at="2025-12-10T16:44:42 CST" duration-ms="224" status="PASS">
          <reporter-output>
          </reporter-output>
        </test-method> <!-- tearDown -->
        <test-method is-config="true" signature="setUp()[pri:0, instance:com.Framework_with_cicd.TestCases.ElementsPageTest@13c9d689]" started-at="2025-12-10T16:44:42 CST" name="setUp" finished-at="2025-12-10T16:44:46 CST" duration-ms="3974" status="PASS">
          <reporter-output>
          </reporter-output>
        </test-method> <!-- setUp -->
        <test-method signature="TC04_XlDataProviderValidation(java.lang.String,java.lang.String,java.lang.String,java.lang.String)[pri:0, instance:com.Framework_with_cicd.TestCases.ElementsPageTest@13c9d689]" started-at="2025-12-10T16:44:46 CST" name="TC04_XlDataProviderValidation" data-provider="getExcelData" finished-at="2025-12-10T16:44:48 CST" duration-ms="1353" status="PASS">
          <params>
            <param index="0">
              <value>
                <![CDATA[Mohan D]]>
              </value>
            </param>
            <param index="1">
              <value>
                <![CDATA[mohan@gmail.com]]>
              </value>
            </param>
            <param index="2">
              <value>
                <![CDATA[asdfg]]>
              </value>
            </param>
            <param index="3">
              <value>
                <![CDATA[asdf]]>
              </value>
            </param>
          </params>
          <reporter-output>
          </reporter-output>
        </test-method> <!-- TC04_XlDataProviderValidation -->
        <test-method is-config="true" signature="tearDown()[pri:0, instance:com.Framework_with_cicd.TestCases.ElementsPageTest@13c9d689]" started-at="2025-12-10T16:44:48 CST" name="tearDown" finished-at="2025-12-10T16:44:48 CST" duration-ms="268" status="PASS">
          <reporter-output>
          </reporter-output>
        </test-method> <!-- tearDown -->
        <test-method is-config="true" signature="setUp()[pri:0, instance:com.Framework_with_cicd.TestCases.ElementsPageTest@13c9d689]" started-at="2025-12-10T16:44:48 CST" name="setUp" finished-at="2025-12-10T16:44:53 CST" duration-ms="4614" status="PASS">
          <reporter-output>
          </reporter-output>
        </test-method> <!-- setUp -->
        <test-method signature="TC04_XlDataProviderValidation(java.lang.String,java.lang.String,java.lang.String,java.lang.String)[pri:0, instance:com.Framework_with_cicd.TestCases.ElementsPageTest@13c9d689]" started-at="2025-12-10T16:44:53 CST" name="TC04_XlDataProviderValidation" data-provider="getExcelData" finished-at="2025-12-10T16:44:54 CST" duration-ms="1508" status="PASS">
          <params>
            <param index="0">
              <value>
                <![CDATA[Rakesh]]>
              </value>
            </param>
            <param index="1">
              <value>
                <![CDATA[rakesh@gmail.com]]>
              </value>
            </param>
            <param index="2">
              <value>
                <![CDATA[gkjgfkj]]>
              </value>
            </param>
            <param index="3">
              <value>
                <![CDATA[kjdfkjdf]]>
              </value>
            </param>
          </params>
          <reporter-output>
          </reporter-output>
        </test-method> <!-- TC04_XlDataProviderValidation -->
        <test-method is-config="true" signature="tearDown()[pri:0, instance:com.Framework_with_cicd.TestCases.ElementsPageTest@13c9d689]" started-at="2025-12-10T16:44:54 CST" name="tearDown" finished-at="2025-12-10T16:44:54 CST" duration-ms="283" status="PASS">
          <reporter-output>
          </reporter-output>
        </test-method> <!-- tearDown -->
        <test-method is-config="true" signature="setUp()[pri:0, instance:com.Framework_with_cicd.TestCases.ElementsPageTest@13c9d689]" started-at="2025-12-10T16:44:54 CST" name="setUp" finished-at="2025-12-10T16:44:59 CST" duration-ms="4234" status="PASS">
          <reporter-output>
          </reporter-output>
        </test-method> <!-- setUp -->
        <test-method signature="TC05_ValidateTextBoxOptionOpensTextBoxPage1()[pri:0, instance:com.Framework_with_cicd.TestCases.ElementsPageTest@13c9d689]" started-at="2025-12-10T16:44:59 CST" name="TC05_ValidateTextBoxOptionOpensTextBoxPage1" finished-at="2025-12-10T16:45:00 CST" duration-ms="1660" status="PASS">
          <reporter-output>
          </reporter-output>
        </test-method> <!-- TC05_ValidateTextBoxOptionOpensTextBoxPage1 -->
        <test-method is-config="true" signature="tearDown()[pri:0, instance:com.Framework_with_cicd.TestCases.ElementsPageTest@13c9d689]" started-at="2025-12-10T16:45:00 CST" name="tearDown" finished-at="2025-12-10T16:45:00 CST" duration-ms="256" status="PASS">
          <reporter-output>
          </reporter-output>
        </test-method> <!-- tearDown -->
        <test-method is-config="true" signature="postConditions()[pri:0, instance:com.Framework_with_cicd.TestCases.ElementsPageTest@13c9d689]" started-at="2025-12-10T16:45:00 CST" name="postConditions" finished-at="2025-12-10T16:45:01 CST" duration-ms="274" status="PASS">
          <reporter-output>
          </reporter-output>
        </test-method> <!-- postConditions -->
      </class> <!-- com.Framework_with_cicd.TestCases.ElementsPageTest -->
    </test> <!-- Test -->
  </suite> <!-- Suite -->
</testng-results>
