<?xml version="1.0" encoding="UTF-8"?>
<testsuite xmlns:xsi="http://www.w3.org/2001/XMLSchema-instance" xsi:noNamespaceSchemaLocation="https://maven.apache.org/surefire/maven-surefire-plugin/xsd/surefire-test-report.xsd" version="3.0.2" name="TestSuite" time="38.226" tests="7" errors="0" skipped="0" failures="1">
  <properties>
[...]
</properties>
  <testcase name="TC01_VerifyNavigationToElementsPage" classname="com.Framework_with_cicd.TestCases.ElementsPageTest" time="0.395">
    <system-out><![CDATA[...
... TestNG 7.11.0 by Cédric Beust (cedric@beust.com)
...

2025-12-11 12:37:44 [main] INFO com.Framework_with_cicd.TestCases.BaseClass - Started TC01_VerifyNavigationToElementsPage......
2025-12-11 12:37:44 [main] INFO com.Framework_with_cicd.TestCases.BaseClass - Currently on the Home page
2025-12-11 12:37:44 [main] INFO com.Framework_with_cicd.TestCases.BaseClass - Scrolling down to the Elements label on the Elements card
2025-12-11 12:37:44 [main] INFO com.Framework_with_cicd.TestCases.BaseClass - Clicking the Elements card
2025-12-11 12:37:44 [main] INFO com.Framework_with_cicd.TestCases.BaseClass - Elements card is clicked!
2025-12-11 12:37:44 [main] INFO com.Framework_with_cicd.TestCases.BaseClass - Clicking the 'Text Box' option on the Elements page
2025-12-11 12:37:44 [main] INFO com.Framework_with_cicd.TestCases.BaseClass - Navigated to the Elements page successfully!!
]]></system-out>
    <system-err><![CDATA[SLF4J(W): No SLF4J providers were found.
SLF4J(W): Defaulting to no-operation (NOP) logger implementation
SLF4J(W): See https://www.slf4j.org/codes.html#noProviders for further details.
2025-12-11T18:37:40.157760900Z main INFO Starting configuration XmlConfiguration[location=C:\Users\Owner\eclipse-workspace\Framework_with_cicd\target\test-classes\log4j2.xml, lastModified=2025-11-18T17:55:55.626Z]...
2025-12-11T18:37:40.158755100Z main INFO Configuration XmlConfiguration[location=C:\Users\Owner\eclipse-workspace\Framework_with_cicd\target\test-classes\log4j2.xml, lastModified=2025-11-18T17:55:55.626Z] started.
2025-12-11T18:37:40.160756Z main INFO Stopping configuration org.apache.logging.log4j.core.config.DefaultConfiguration@37efd131...
2025-12-11T18:37:40.160756Z main INFO Configuration org.apache.logging.log4j.core.config.DefaultConfiguration@37efd131 stopped.
]]></system-err>
  </testcase>
  <testcase name="TC02_ValidateTextBoxOptionOpensTextBoxPage" classname="com.Framework_with_cicd.TestCases.ElementsPageTest" time="0.374">
    <system-out><![CDATA[2025-12-11 12:37:48 [main] INFO com.Framework_with_cicd.TestCases.BaseClass - Started TC02_ValidateTextBoxOptionOpensTextBoxPage......
2025-12-11 12:37:48 [main] INFO com.Framework_with_cicd.TestCases.BaseClass - Currently on the Home page
2025-12-11 12:37:48 [main] INFO com.Framework_with_cicd.TestCases.BaseClass - Scrolling down to the Elements label on the Elements card
2025-12-11 12:37:48 [main] INFO com.Framework_with_cicd.TestCases.BaseClass - Clicking the Elements card
2025-12-11 12:37:48 [main] INFO com.Framework_with_cicd.TestCases.BaseClass - Elements card is clicked!
2025-12-11 12:37:48 [main] INFO com.Framework_with_cicd.TestCases.BaseClass - Clicking the 'Text Box' option on the Elements page
2025-12-11 12:37:48 [main] INFO com.Framework_with_cicd.TestCases.BaseClass - Text Box heading validation is done successfully!
]]></system-out>
  </testcase>
  <testcase name="TC03_ValidateTextBoxOptionOpensTextBoxPage" classname="com.Framework_with_cicd.TestCases.ElementsPageTest" time="5.441">
    <failure message="Expected condition failed: waiting for visibility of Proxy element for: DefaultElementLocator &apos;By.xpath: //h5[contains(text(), &apos;Elements&apos;)]&apos; (tried for 5 second(s) with 500 milliseconds interval)" type="org.openqa.selenium.TimeoutException"><![CDATA[org.openqa.selenium.TimeoutException: Expected condition failed: waiting for visibility of Proxy element for: DefaultElementLocator 'By.xpath: //h5[contains(text(), 'Elements')]' (tried for 5 second(s) with 500 milliseconds interval)
	at org.openqa.selenium.support.ui.WebDriverWait.timeoutException(WebDriverWait.java:84)
	at org.openqa.selenium.support.ui.FluentWait.until(FluentWait.java:228)
	at com.Framework_with_cicd.PageObjects.HomePage.scrollToElementsCard(HomePage.java:46)
	at com.Framework_with_cicd.TestCases.ElementsPageTest.TC03_ValidateTextBoxOptionOpensTextBoxPage(ElementsPageTest.java:124)
	at java.base/jdk.internal.reflect.DirectMethodHandleAccessor.invoke(DirectMethodHandleAccessor.java:103)
	at java.base/java.lang.reflect.Method.invoke(Method.java:580)
	at org.testng.internal.invokers.MethodInvocationHelper.invokeMethod(MethodInvocationHelper.java:141)
	at org.testng.internal.invokers.TestInvoker.invokeMethod(TestInvoker.java:687)
	at org.testng.internal.invokers.TestInvoker.invokeTestMethod(TestInvoker.java:230)
	at org.testng.internal.invokers.MethodRunner.runInSequence(MethodRunner.java:63)
	at org.testng.internal.invokers.TestInvoker$MethodInvocationAgent.invoke(TestInvoker.java:995)
	at org.testng.internal.invokers.TestInvoker.invokeTestMethods(TestInvoker.java:203)
	at org.testng.internal.invokers.TestMethodWorker.invokeTestMethods(TestMethodWorker.java:154)
	at org.testng.internal.invokers.TestMethodWorker.run(TestMethodWorker.java:134)
	at java.base/java.util.ArrayList.forEach(ArrayList.java:1596)
	at org.testng.TestRunner.privateRun(TestRunner.java:741)
	at org.testng.TestRunner.run(TestRunner.java:616)
	at org.testng.SuiteRunner.runTest(SuiteRunner.java:421)
	at org.testng.SuiteRunner.runSequentially(SuiteRunner.java:413)
	at org.testng.SuiteRunner.privateRun(SuiteRunner.java:373)
	at org.testng.SuiteRunner.run(SuiteRunner.java:312)
	at org.testng.SuiteRunnerWorker.runSuite(SuiteRunnerWorker.java:52)
	at org.testng.SuiteRunnerWorker.run(SuiteRunnerWorker.java:95)
	at org.testng.TestNG.runSuitesSequentially(TestNG.java:1274)
	at org.testng.TestNG.runSuitesLocally(TestNG.java:1208)
	at org.testng.TestNG.runSuites(TestNG.java:1112)
	at org.testng.TestNG.run(TestNG.java:1079)
	at org.apache.maven.surefire.testng.TestNGExecutor.run(TestNGExecutor.java:308)
	at org.apache.maven.surefire.testng.TestNGXmlTestSuite.execute(TestNGXmlTestSuite.java:71)
	at org.apache.maven.surefire.testng.TestNGProvider.invoke(TestNGProvider.java:113)
	at org.apache.maven.surefire.booter.ForkedBooter.runSuitesInProcess(ForkedBooter.java:385)
	at org.apache.maven.surefire.booter.ForkedBooter.execute(ForkedBooter.java:162)
	at org.apache.maven.surefire.booter.ForkedBooter.run(ForkedBooter.java:507)
	at org.apache.maven.surefire.booter.ForkedBooter.main(ForkedBooter.java:495)
Caused by: org.openqa.selenium.NoSuchElementException: no such element: Unable to locate element: {"method":"xpath","selector":"//h5[contains(text(), 'Elements')]"}
  (Session info: chrome=143.0.7499.41)
For documentation on this error, please visit: https://www.selenium.dev/documentation/webdriver/troubleshooting/errors#nosuchelementexception
Build info: version: '4.39.0', revision: '126f156aee'
System info: os.name: 'Windows 11', os.arch: 'amd64', os.version: '10.0', java.version: '21.0.3'
Driver info: org.openqa.selenium.chrome.ChromeDriver
Command: [593cd0010c1200fe7bc05e9e97d80f9a, findElement {value=//h5[contains(text(), 'Elements')], using=xpath}]
Capabilities {acceptInsecureCerts: false, browserName: chrome, browserVersion: 143.0.7499.41, chrome: {chromedriverVersion: 143.0.7499.42 (24bdc8c48a0c..., userDataDir: C:\Users\Owner\AppData\Loca...}, fedcm:accounts: true, goog:chromeOptions: {debuggerAddress: localhost:54551}, goog:processID: 18188, networkConnectionEnabled: false, pageLoadStrategy: normal, platformName: windows, proxy: Proxy(), se:cdp: ws://localhost:54551/devtoo..., se:cdpVersion: 143.0.7499.41, setWindowRect: true, strictFileInteractability: false, timeouts: {implicit: 0, pageLoad: 300000, script: 30000}, unhandledPromptBehavior: dismiss and notify, webauthn:extension:credBlob: true, webauthn:extension:largeBlob: true, webauthn:extension:minPinLength: true, webauthn:extension:prf: true, webauthn:virtualAuthenticators: true}
Session ID: 593cd0010c1200fe7bc05e9e97d80f9a
	at java.base/jdk.internal.reflect.DirectConstructorHandleAccessor.newInstance(DirectConstructorHandleAccessor.java:62)
	at java.base/java.lang.reflect.Constructor.newInstanceWithCaller(Constructor.java:502)
	at java.base/java.lang.reflect.Constructor.newInstance(Constructor.java:486)
	at org.openqa.selenium.remote.ErrorCodec.decode(ErrorCodec.java:167)
	at org.openqa.selenium.remote.codec.w3c.W3CHttpResponseCodec.decode(W3CHttpResponseCodec.java:142)
	at org.openqa.selenium.remote.codec.w3c.W3CHttpResponseCodec.decode(W3CHttpResponseCodec.java:49)
	at org.openqa.selenium.remote.HttpCommandExecutor.execute(HttpCommandExecutor.java:215)
	at org.openqa.selenium.remote.service.DriverCommandExecutor.invokeExecute(DriverCommandExecutor.java:216)
	at org.openqa.selenium.remote.service.DriverCommandExecutor.execute(DriverCommandExecutor.java:174)
	at org.openqa.selenium.remote.RemoteWebDriver.execute(RemoteWebDriver.java:561)
	at org.openqa.selenium.remote.ElementLocation$ElementFinder$2.findElement(ElementLocation.java:166)
	at org.openqa.selenium.remote.ElementLocation.findElement(ElementLocation.java:60)
	at org.openqa.selenium.remote.RemoteWebDriver.findElement(RemoteWebDriver.java:384)
	at org.openqa.selenium.remote.RemoteWebDriver.findElement(RemoteWebDriver.java:378)
	at org.openqa.selenium.support.pagefactory.DefaultElementLocator.findElement(DefaultElementLocator.java:68)
	at org.openqa.selenium.support.pagefactory.internal.LocatingElementHandler.invoke(LocatingElementHandler.java:38)
	at jdk.proxy2/jdk.proxy2.$Proxy29.isDisplayed(Unknown Source)
	at org.openqa.selenium.support.ui.ExpectedConditions.elementIfVisible(ExpectedConditions.java:308)
	at org.openqa.selenium.support.ui.ExpectedConditions$10.apply(ExpectedConditions.java:294)
	at org.openqa.selenium.support.ui.ExpectedConditions$10.apply(ExpectedConditions.java:291)
	at org.openqa.selenium.support.ui.FluentWait.until(FluentWait.java:203)
	... 32 more
]]></failure>
    <system-out><![CDATA[2025-12-11 12:37:50 [main] INFO com.Framework_with_cicd.TestCases.BaseClass - Started TC03_ValidateTextBoxOptionOpensTextBoxPage......
2025-12-11 12:37:50 [main] INFO com.Framework_with_cicd.TestCases.BaseClass - Currently on the Home page
2025-12-11 12:37:50 [main] INFO com.Framework_with_cicd.TestCases.BaseClass - Scrolling down to the Elements label on the Elements card
]]></system-out>
  </testcase>
  <testcase name="TC04_XlDataProviderValidation[Mohan D, mohan@gmail.com, asdfg, asdf](1)" classname="com.Framework_with_cicd.TestCases.ElementsPageTest" time="1.656">
    <system-out><![CDATA[2025-12-11 12:38:00 [main] INFO com.Framework_with_cicd.TestCases.BaseClass - Started TC04_XlDataProviderValidation......
2025-12-11 12:38:00 [main] INFO com.Framework_with_cicd.TestCases.BaseClass - Currently on the Home page
2025-12-11 12:38:00 [main] INFO com.Framework_with_cicd.TestCases.BaseClass - Scrolling down to the Elements label on the Elements card
2025-12-11 12:38:00 [main] INFO com.Framework_with_cicd.TestCases.BaseClass - Clicking the Elements card
2025-12-11 12:38:00 [main] INFO com.Framework_with_cicd.TestCases.BaseClass - Elements card is clicked!
2025-12-11 12:38:00 [main] INFO com.Framework_with_cicd.TestCases.BaseClass - Clicking the 'Text Box' option on the Elements page
2025-12-11 12:38:00 [main] INFO com.Framework_with_cicd.TestCases.BaseClass - Text Box heading validation is done successfully!
2025-12-11 12:38:00 [main] INFO com.Framework_with_cicd.TestCases.BaseClass - Entered the Full Name
2025-12-11 12:38:00 [main] INFO com.Framework_with_cicd.TestCases.BaseClass - Entered the Email
2025-12-11 12:38:01 [main] INFO com.Framework_with_cicd.TestCases.BaseClass - Entered the Current Address
2025-12-11 12:38:01 [main] INFO com.Framework_with_cicd.TestCases.BaseClass - Entered the Permanent Address
2025-12-11 12:38:01 [main] INFO com.Framework_with_cicd.TestCases.BaseClass - Clicked the SUBMIT button
2025-12-11 12:38:01 [main] INFO com.Framework_with_cicd.TestCases.BaseClass - Output banner is present!
2025-12-11 12:38:01 [main] INFO com.Framework_with_cicd.TestCases.BaseClass - Name:Mohan D
Email:mohan@gmail.com
Current Address :asdfg
Permananet Address :asdf
2025-12-11 12:38:01 [main] INFO com.Framework_with_cicd.TestCases.BaseClass - Output is displayed Successfully!!!
]]></system-out>
  </testcase>
  <testcase name="TC04_XlDataProviderValidation[Rakesh, rakesh@gmail.com, gkjgfkj, kjdfkjdf](2)" classname="com.Framework_with_cicd.TestCases.ElementsPageTest" time="1.501">
    <system-out><![CDATA[2025-12-11 12:38:05 [main] INFO com.Framework_with_cicd.TestCases.BaseClass - Started TC04_XlDataProviderValidation......
2025-12-11 12:38:05 [main] INFO com.Framework_with_cicd.TestCases.BaseClass - Currently on the Home page
2025-12-11 12:38:05 [main] INFO com.Framework_with_cicd.TestCases.BaseClass - Scrolling down to the Elements label on the Elements card
2025-12-11 12:38:05 [main] INFO com.Framework_with_cicd.TestCases.BaseClass - Clicking the Elements card
2025-12-11 12:38:05 [main] INFO com.Framework_with_cicd.TestCases.BaseClass - Elements card is clicked!
2025-12-11 12:38:05 [main] INFO com.Framework_with_cicd.TestCases.BaseClass - Clicking the 'Text Box' option on the Elements page
2025-12-11 12:38:06 [main] INFO com.Framework_with_cicd.TestCases.BaseClass - Text Box heading validation is done successfully!
2025-12-11 12:38:06 [main] INFO com.Framework_with_cicd.TestCases.BaseClass - Entered the Full Name
2025-12-11 12:38:06 [main] INFO com.Framework_with_cicd.TestCases.BaseClass - Entered the Email
2025-12-11 12:38:06 [main] INFO com.Framework_with_cicd.TestCases.BaseClass - Entered the Current Address
2025-12-11 12:38:06 [main] INFO com.Framework_with_cicd.TestCases.BaseClass - Entered the Permanent Address
2025-12-11 12:38:06 [main] INFO com.Framework_with_cicd.TestCases.BaseClass - Clicked the SUBMIT button
2025-12-11 12:38:07 [main] INFO com.Framework_with_cicd.TestCases.BaseClass - Output banner is present!
2025-12-11 12:38:07 [main] INFO com.Framework_with_cicd.TestCases.BaseClass - Name:Rakesh
Email:rakesh@gmail.com
Current Address :gkjgfkj
Permananet Address :kjdfkjdf
2025-12-11 12:38:07 [main] INFO com.Framework_with_cicd.TestCases.BaseClass - Output is displayed Successfully!!!
]]></system-out>
  </testcase>
  <testcase name="TC04_XlDataProviderValidation[asdfg, asdfg@asdf.com, gfkjkjj, ljnkdv](3)" classname="com.Framework_with_cicd.TestCases.ElementsPageTest" time="1.336">
    <system-out><![CDATA[2025-12-11 12:38:11 [main] INFO com.Framework_with_cicd.TestCases.BaseClass - Started TC04_XlDataProviderValidation......
2025-12-11 12:38:11 [main] INFO com.Framework_with_cicd.TestCases.BaseClass - Currently on the Home page
2025-12-11 12:38:11 [main] INFO com.Framework_with_cicd.TestCases.BaseClass - Scrolling down to the Elements label on the Elements card
2025-12-11 12:38:11 [main] INFO com.Framework_with_cicd.TestCases.BaseClass - Clicking the Elements card
2025-12-11 12:38:11 [main] INFO com.Framework_with_cicd.TestCases.BaseClass - Elements card is clicked!
2025-12-11 12:38:11 [main] INFO com.Framework_with_cicd.TestCases.BaseClass - Clicking the 'Text Box' option on the Elements page
2025-12-11 12:38:11 [main] INFO com.Framework_with_cicd.TestCases.BaseClass - Text Box heading validation is done successfully!
2025-12-11 12:38:11 [main] INFO com.Framework_with_cicd.TestCases.BaseClass - Entered the Full Name
2025-12-11 12:38:11 [main] INFO com.Framework_with_cicd.TestCases.BaseClass - Entered the Email
2025-12-11 12:38:11 [main] INFO com.Framework_with_cicd.TestCases.BaseClass - Entered the Current Address
2025-12-11 12:38:11 [main] INFO com.Framework_with_cicd.TestCases.BaseClass - Entered the Permanent Address
2025-12-11 12:38:12 [main] INFO com.Framework_with_cicd.TestCases.BaseClass - Clicked the SUBMIT button
2025-12-11 12:38:12 [main] INFO com.Framework_with_cicd.TestCases.BaseClass - Output banner is present!
2025-12-11 12:38:12 [main] INFO com.Framework_with_cicd.TestCases.BaseClass - Name:asdfg
Email:asdfg@asdf.com
Current Address :gfkjkjj
Permananet Address :ljnkdv
2025-12-11 12:38:12 [main] INFO com.Framework_with_cicd.TestCases.BaseClass - Output is displayed Successfully!!!
]]></system-out>
  </testcase>
  <testcase name="TC05_ValidateTextBoxOptionOpensTextBoxPage1" classname="com.Framework_with_cicd.TestCases.ElementsPageTest" time="1.101">
    <system-out><![CDATA[2025-12-11 12:38:16 [main] INFO com.Framework_with_cicd.TestCases.BaseClass - Started TC05_ValidateTextBoxOptionOpensTextBoxPage1......
2025-12-11 12:38:16 [main] INFO com.Framework_with_cicd.TestCases.BaseClass - Currently on the Home page
2025-12-11 12:38:16 [main] INFO com.Framework_with_cicd.TestCases.BaseClass - Scrolling down to the Elements label on the Elements card
2025-12-11 12:38:16 [main] INFO com.Framework_with_cicd.TestCases.BaseClass - Clicking the Elements card
2025-12-11 12:38:16 [main] INFO com.Framework_with_cicd.TestCases.BaseClass - Elements card is clicked!
2025-12-11 12:38:16 [main] INFO com.Framework_with_cicd.TestCases.BaseClass - Clicking the 'Text Box' option on the Elements page
2025-12-11 12:38:16 [main] INFO com.Framework_with_cicd.TestCases.BaseClass - Text Box heading validation is done successfully!
2025-12-11 12:38:16 [main] INFO com.Framework_with_cicd.TestCases.BaseClass - Entered the Full Name
2025-12-11 12:38:16 [main] INFO com.Framework_with_cicd.TestCases.BaseClass - Entered the Email
2025-12-11 12:38:16 [main] INFO com.Framework_with_cicd.TestCases.BaseClass - Entered the Current Address
2025-12-11 12:38:16 [main] INFO com.Framework_with_cicd.TestCases.BaseClass - Entered the Permanent Address
2025-12-11 12:38:16 [main] INFO com.Framework_with_cicd.TestCases.BaseClass - Clicked the SUBMIT button
2025-12-11 12:38:17 [main] INFO com.Framework_with_cicd.TestCases.BaseClass - Output banner is present!
2025-12-11 12:38:17 [main] INFO com.Framework_with_cicd.TestCases.BaseClass - Name:asdf
Email:asdf@demoqa.com
Current Address :asdf
Permananet Address :asdf
2025-12-11 12:38:17 [main] INFO com.Framework_with_cicd.TestCases.BaseClass - Output is displayed Successfully!!!
]]></system-out>
  </testcase>
</testsuite>