<?xml version="1.0" encoding="UTF-8"?>
<testsuite xmlns:xsi="http://www.w3.org/2001/XMLSchema-instance" xsi:noNamespaceSchemaLocation="https://maven.apache.org/surefire/maven-surefire-plugin/xsd/surefire-test-report.xsd" version="3.0.2" name="TestSuite" time="25.645" tests="3" errors="0" skipped="0" failures="1">
  <properties>
[...]
</properties>
  <testcase name="TC01_VerifyNavigationToElementsPage" classname="com.Framework_with_cicd.TestCases.ElementsPageTest" time="2.225">
    <failure message="Cannot invoke &quot;org.apache.poi.xssf.usermodel.XSSFCell.getStringCellValue()&quot; because &quot;cell&quot; is null" type="java.lang.NullPointerException"><![CDATA[java.lang.NullPointerException: Cannot invoke "org.apache.poi.xssf.usermodel.XSSFCell.getStringCellValue()" because "cell" is null
	at com.Framework_with_cicd.Utilities.XLUtils.getCellData(XLUtils.java:126)
	at com.Framework_with_cicd.TestCases.ElementsPageTest.getXlData(ElementsPageTest.java:237)
	at com.Framework_with_cicd.TestCases.ElementsPageTest.TC01_VerifyNavigationToElementsPage(ElementsPageTest.java:43)
	at java.base/jdk.internal.reflect.DirectMethodHandleAccessor.invoke(DirectMethodHandleAccessor.java:103)
	at java.base/java.lang.reflect.Method.invoke(Method.java:580)
	at org.testng.internal.invokers.MethodInvocationHelper.invokeMethod(MethodInvocationHelper.java:141)
	at org.testng.internal.invokers.TestInvoker.invokeMethod(TestInvoker.java:687)
	at org.testng.internal.invokers.TestInvoker.invokeTestMethod(TestInvoker.java:230)
	at org.testng.internal.invokers.MethodRunner.runInSequence(MethodRunner.java:63)
	at org.testng.internal.invokers.TestInvoker$MethodInvocationAgent.invoke(TestInvoker.java:995)
	at org.testng.internal.invokers.TestInvoker.invokeTestMethods(TestInvoker.java:203)
	at org.testng.internal.invokers.TestMethodWorker.invokeTestMethods(TestMethodWorker.java:154)
	at org.testng.internal.invokers.TestMethodWorker.run(TestMethodWorker.java:134)
	at java.base/java.util.ArrayList.forEach(ArrayList.java:1597)
	at org.testng.TestRunner.privateRun(TestRunner.java:741)
	at org.testng.TestRunner.run(TestRunner.java:616)
	at org.testng.SuiteRunner.runTest(SuiteRunner.java:421)
	at org.testng.SuiteRunner$SuiteWorker.run(SuiteRunner.java:463)
	at org.testng.internal.thread.ThreadUtil.lambda$execute$0(ThreadUtil.java:64)
	at java.base/java.util.concurrent.FutureTask.run(FutureTask.java:317)
	at java.base/java.util.concurrent.ThreadPoolExecutor.runWorker(ThreadPoolExecutor.java:1144)
	at java.base/java.util.concurrent.ThreadPoolExecutor$Worker.run(ThreadPoolExecutor.java:642)
	at java.base/java.lang.Thread.run(Thread.java:1570)
]]></failure>
    <system-out><![CDATA[2025-12-08 16:15:47 [TestNG-tests-1] INFO com.Framework_with_cicd.TestCases.BaseClass - Started TC01_VerifyNavigationToElementsPage......
2025-12-08 16:15:47 [TestNG-tests-1] INFO com.Framework_with_cicd.TestCases.BaseClass - Currently on the Home page
2025-12-08 16:15:47 [TestNG-tests-1] INFO com.Framework_with_cicd.TestCases.BaseClass - Scrolling down to the Elements label on the Elements card
2025-12-08 16:15:47 [TestNG-tests-1] INFO com.Framework_with_cicd.TestCases.BaseClass - Clicking the Elements card
2025-12-08 16:15:47 [TestNG-tests-1] INFO com.Framework_with_cicd.TestCases.BaseClass - Elements card is clicked!
2025-12-08 16:15:47 [TestNG-tests-1] INFO com.Framework_with_cicd.TestCases.BaseClass - Clicking the 'Text Box' option on the Elements page
]]></system-out>
    <system-err><![CDATA[SLF4J(W): No SLF4J providers were found.
SLF4J(W): Defaulting to no-operation (NOP) logger implementation
SLF4J(W): See https://www.slf4j.org/codes.html#noProviders for further details.
2025-12-08T22:15:40.589911800Z TestNG-tests-1 INFO Starting configuration XmlConfiguration[location=C:\Users\Owner\eclipse-workspace\Framework_with_cicd\target\test-classes\log4j2.xml, lastModified=2025-11-18T17:55:55.626Z]...
2025-12-08T22:15:40.590907600Z TestNG-tests-1 INFO Configuration XmlConfiguration[location=C:\Users\Owner\eclipse-workspace\Framework_with_cicd\target\test-classes\log4j2.xml, lastModified=2025-11-18T17:55:55.626Z] started.
2025-12-08T22:15:40.593417300Z TestNG-tests-1 INFO Stopping configuration org.apache.logging.log4j.core.config.DefaultConfiguration@5d69b433...
2025-12-08T22:15:40.593417300Z TestNG-tests-1 INFO Configuration org.apache.logging.log4j.core.config.DefaultConfiguration@5d69b433 stopped.
]]></system-err>
  </testcase>
  <testcase name="TC02_ValidateTextBoxOptionOpensTextBoxPage" classname="com.Framework_with_cicd.TestCases.ElementsPageTest" time="0.353">
    <system-out><![CDATA[2025-12-08 16:15:56 [TestNG-tests-1] INFO com.Framework_with_cicd.TestCases.BaseClass - Started TC02_ValidateTextBoxOptionOpensTextBoxPage......
2025-12-08 16:15:56 [TestNG-tests-1] INFO com.Framework_with_cicd.TestCases.BaseClass - Currently on the Home page
2025-12-08 16:15:56 [TestNG-tests-1] INFO com.Framework_with_cicd.TestCases.BaseClass - Scrolling down to the Elements label on the Elements card
2025-12-08 16:15:56 [TestNG-tests-1] INFO com.Framework_with_cicd.TestCases.BaseClass - Clicking the Elements card
2025-12-08 16:15:56 [TestNG-tests-1] INFO com.Framework_with_cicd.TestCases.BaseClass - Elements card is clicked!
2025-12-08 16:15:56 [TestNG-tests-1] INFO com.Framework_with_cicd.TestCases.BaseClass - Clicking the 'Text Box' option on the Elements page
2025-12-08 16:15:56 [TestNG-tests-1] INFO com.Framework_with_cicd.TestCases.BaseClass - Text Box heading validation is done successfully!
]]></system-out>
  </testcase>
  <testcase name="TC03_ValidateTextBoxOptionOpensTextBoxPage" classname="com.Framework_with_cicd.TestCases.ElementsPageTest" time="1.016">
    <system-out><![CDATA[2025-12-08 16:16:03 [TestNG-tests-1] INFO com.Framework_with_cicd.TestCases.BaseClass - Started TC03_ValidateTextBoxOptionOpensTextBoxPage......
2025-12-08 16:16:03 [TestNG-tests-1] INFO com.Framework_with_cicd.TestCases.BaseClass - Currently on the Home page
2025-12-08 16:16:03 [TestNG-tests-1] INFO com.Framework_with_cicd.TestCases.BaseClass - Scrolling down to the Elements label on the Elements card
2025-12-08 16:16:03 [TestNG-tests-1] INFO com.Framework_with_cicd.TestCases.BaseClass - Clicking the Elements card
2025-12-08 16:16:03 [TestNG-tests-1] INFO com.Framework_with_cicd.TestCases.BaseClass - Elements card is clicked!
2025-12-08 16:16:03 [TestNG-tests-1] INFO com.Framework_with_cicd.TestCases.BaseClass - Clicking the 'Text Box' option on the Elements page
2025-12-08 16:16:03 [TestNG-tests-1] INFO com.Framework_with_cicd.TestCases.BaseClass - Text Box heading validation is done successfully!
2025-12-08 16:16:03 [TestNG-tests-1] INFO com.Framework_with_cicd.TestCases.BaseClass - Entered the Full Name
2025-12-08 16:16:04 [TestNG-tests-1] INFO com.Framework_with_cicd.TestCases.BaseClass - Entered the Email
2025-12-08 16:16:04 [TestNG-tests-1] INFO com.Framework_with_cicd.TestCases.BaseClass - Entered the Current Address
2025-12-08 16:16:04 [TestNG-tests-1] INFO com.Framework_with_cicd.TestCases.BaseClass - Entered the Permanent Address
2025-12-08 16:16:04 [TestNG-tests-1] INFO com.Framework_with_cicd.TestCases.BaseClass - Clicked the SUBMIT button
2025-12-08 16:16:04 [TestNG-tests-1] INFO com.Framework_with_cicd.TestCases.BaseClass - Output banner is present!
2025-12-08 16:16:04 [TestNG-tests-1] INFO com.Framework_with_cicd.TestCases.BaseClass - Name:asdfasdf@demoqa.comasdfasdf
2025-12-08 16:16:04 [TestNG-tests-1] INFO com.Framework_with_cicd.TestCases.BaseClass - Output is displayed Successfully!!!
]]></system-out>
  </testcase>
</testsuite>