<?xml version="1.0" encoding="UTF-8"?>
<testsuite xmlns:xsi="http://www.w3.org/2001/XMLSchema-instance" xsi:noNamespaceSchemaLocation="https://maven.apache.org/surefire/maven-surefire-plugin/xsd/surefire-test-report.xsd" version="3.0.2" name="TestSuite" time="38.226" tests="7" errors="0" skipped="0" failures="1">
  <properties>
    <property name="java.specification.version" value="21"/>
    <property name="webdriver.chrome.driver" value="C:\Users\Owner\.cache\selenium\chromedriver\win64\143.0.7499.42\chromedriver.exe"/>
    <property name="sun.cpu.isalist" value="amd64"/>
    <property name="sun.jnu.encoding" value="Cp1252"/>
    <property name="java.class.path" value="C:\Users\Owner\eclipse-workspace\Framework_with_cicd\target\test-classes;C:\Users\Owner\eclipse-workspace\Framework_with_cicd\target\classes;C:\Users\Owner\.m2\repository\org\seleniumhq\selenium\selenium-java\4.39.0\selenium-java-4.39.0.jar;C:\Users\Owner\.m2\repository\org\seleniumhq\selenium\selenium-api\4.39.0\selenium-api-4.39.0.jar;C:\Users\Owner\.m2\repository\org\jspecify\jspecify\1.0.0\jspecify-1.0.0.jar;C:\Users\Owner\.m2\repository\org\seleniumhq\selenium\selenium-chrome-driver\4.39.0\selenium-chrome-driver-4.39.0.jar;C:\Users\Owner\.m2\repository\com\google\auto\service\auto-service-annotations\1.1.1\auto-service-annotations-1.1.1.jar;C:\Users\Owner\.m2\repository\org\seleniumhq\selenium\selenium-chromium-driver\4.39.0\selenium-chromium-driver-4.39.0.jar;C:\Users\Owner\.m2\repository\org\seleniumhq\selenium\selenium-json\4.39.0\selenium-json-4.39.0.jar;C:\Users\Owner\.m2\repository\org\seleniumhq\selenium\selenium-manager\4.39.0\selenium-manager-4.39.0.jar;C:\Users\Owner\.m2\repository\org\seleniumhq\selenium\selenium-devtools-v141\4.39.0\selenium-devtools-v141-4.39.0.jar;C:\Users\Owner\.m2\repository\org\seleniumhq\selenium\selenium-devtools-v142\4.39.0\selenium-devtools-v142-4.39.0.jar;C:\Users\Owner\.m2\repository\org\seleniumhq\selenium\selenium-devtools-v143\4.39.0\selenium-devtools-v143-4.39.0.jar;C:\Users\Owner\.m2\repository\org\seleniumhq\selenium\selenium-edge-driver\4.39.0\selenium-edge-driver-4.39.0.jar;C:\Users\Owner\.m2\repository\org\seleniumhq\selenium\selenium-firefox-driver\4.39.0\selenium-firefox-driver-4.39.0.jar;C:\Users\Owner\.m2\repository\org\seleniumhq\selenium\selenium-http\4.39.0\selenium-http-4.39.0.jar;C:\Users\Owner\.m2\repository\org\seleniumhq\selenium\selenium-ie-driver\4.39.0\selenium-ie-driver-4.39.0.jar;C:\Users\Owner\.m2\repository\org\seleniumhq\selenium\selenium-remote-driver\4.39.0\selenium-remote-driver-4.39.0.jar;C:\Users\Owner\.m2\repository\com\google\guava\guava\33.5.0-jre\guava-33.5.0-jre.jar;C:\Users\Owner\.m2\repository\com\google\guava\failureaccess\1.0.3\failureaccess-1.0.3.jar;C:\Users\Owner\.m2\repository\com\google\guava\listenablefuture\9999.0-empty-to-avoid-conflict-with-guava\listenablefuture-9999.0-empty-to-avoid-conflict-with-guava.jar;C:\Users\Owner\.m2\repository\com\google\j2objc\j2objc-annotations\3.1\j2objc-annotations-3.1.jar;C:\Users\Owner\.m2\repository\io\opentelemetry\opentelemetry-api\1.56.0\opentelemetry-api-1.56.0.jar;C:\Users\Owner\.m2\repository\io\opentelemetry\opentelemetry-context\1.56.0\opentelemetry-context-1.56.0.jar;C:\Users\Owner\.m2\repository\io\opentelemetry\opentelemetry-common\1.56.0\opentelemetry-common-1.56.0.jar;C:\Users\Owner\.m2\repository\io\opentelemetry\opentelemetry-exporter-logging\1.56.0\opentelemetry-exporter-logging-1.56.0.jar;C:\Users\Owner\.m2\repository\io\opentelemetry\opentelemetry-sdk-common\1.56.0\opentelemetry-sdk-common-1.56.0.jar;C:\Users\Owner\.m2\repository\io\opentelemetry\opentelemetry-sdk-extension-autoconfigure-spi\1.56.0\opentelemetry-sdk-extension-autoconfigure-spi-1.56.0.jar;C:\Users\Owner\.m2\repository\io\opentelemetry\opentelemetry-sdk-extension-autoconfigure\1.56.0\opentelemetry-sdk-extension-autoconfigure-1.56.0.jar;C:\Users\Owner\.m2\repository\io\opentelemetry\opentelemetry-sdk-trace\1.56.0\opentelemetry-sdk-trace-1.56.0.jar;C:\Users\Owner\.m2\repository\io\opentelemetry\opentelemetry-sdk\1.56.0\opentelemetry-sdk-1.56.0.jar;C:\Users\Owner\.m2\repository\io\opentelemetry\opentelemetry-sdk-metrics\1.56.0\opentelemetry-sdk-metrics-1.56.0.jar;C:\Users\Owner\.m2\repository\io\opentelemetry\opentelemetry-sdk-logs\1.56.0\opentelemetry-sdk-logs-1.56.0.jar;C:\Users\Owner\.m2\repository\net\bytebuddy\byte-buddy\1.18.2\byte-buddy-1.18.2.jar;C:\Users\Owner\.m2\repository\org\seleniumhq\selenium\selenium-os\4.39.0\selenium-os-4.39.0.jar;C:\Users\Owner\.m2\repository\org\apache\commons\commons-exec\1.6.0\commons-exec-1.6.0.jar;C:\Users\Owner\.m2\repository\org\seleniumhq\selenium\selenium-safari-driver\4.39.0\selenium-safari-driver-4.39.0.jar;C:\Users\Owner\.m2\repository\org\seleniumhq\selenium\selenium-support\4.39.0\selenium-support-4.39.0.jar;C:\Users\Owner\.m2\repository\org\testng\testng\7.11.0\testng-7.11.0.jar;C:\Users\Owner\.m2\repository\org\slf4j\slf4j-api\2.0.16\slf4j-api-2.0.16.jar;C:\Users\Owner\.m2\repository\org\jcommander\jcommander\1.83\jcommander-1.83.jar;C:\Users\Owner\.m2\repository\org\webjars\jquery\3.7.1\jquery-3.7.1.jar;C:\Users\Owner\.m2\repository\io\github\bonigarcia\webdrivermanager\6.3.2\webdrivermanager-6.3.2.jar;C:\Users\Owner\.m2\repository\com\google\code\gson\gson\2.13.2\gson-2.13.2.jar;C:\Users\Owner\.m2\repository\com\google\errorprone\error_prone_annotations\2.41.0\error_prone_annotations-2.41.0.jar;C:\Users\Owner\.m2\repository\com\github\docker-java\docker-java\3.6.0\docker-java-3.6.0.jar;C:\Users\Owner\.m2\repository\com\github\docker-java\docker-java-core\3.6.0\docker-java-core-3.6.0.jar;C:\Users\Owner\.m2\repository\com\github\docker-java\docker-java-api\3.6.0\docker-java-api-3.6.0.jar;C:\Users\Owner\.m2\repository\com\fasterxml\jackson\core\jackson-annotations\2.19.2\jackson-annotations-2.19.2.jar;C:\Users\Owner\.m2\repository\com\fasterxml\jackson\core\jackson-databind\2.19.2\jackson-databind-2.19.2.jar;C:\Users\Owner\.m2\repository\com\fasterxml\jackson\core\jackson-core\2.19.2\jackson-core-2.19.2.jar;C:\Users\Owner\.m2\repository\org\slf4j\jcl-over-slf4j\1.7.30\jcl-over-slf4j-1.7.30.jar;C:\Users\Owner\.m2\repository\com\github\docker-java\docker-java-transport-httpclient5\3.6.0\docker-java-transport-httpclient5-3.6.0.jar;C:\Users\Owner\.m2\repository\com\github\docker-java\docker-java-transport\3.6.0\docker-java-transport-3.6.0.jar;C:\Users\Owner\.m2\repository\net\java\dev\jna\jna\5.17.0\jna-5.17.0.jar;C:\Users\Owner\.m2\repository\org\brotli\dec\0.1.2\dec-0.1.2.jar;C:\Users\Owner\.m2\repository\org\apache\commons\commons-lang3\3.18.0\commons-lang3-3.18.0.jar;C:\Users\Owner\.m2\repository\org\apache\commons\commons-compress\1.28.0\commons-compress-1.28.0.jar;C:\Users\Owner\.m2\repository\commons-codec\commons-codec\1.19.0\commons-codec-1.19.0.jar;C:\Users\Owner\.m2\repository\org\apache\httpcomponents\client5\httpclient5\5.4.3\httpclient5-5.4.3.jar;C:\Users\Owner\.m2\repository\org\apache\httpcomponents\core5\httpcore5\5.3.4\httpcore5-5.3.4.jar;C:\Users\Owner\.m2\repository\org\apache\httpcomponents\core5\httpcore5-h2\5.3.4\httpcore5-h2-5.3.4.jar;C:\Users\Owner\.m2\repository\org\apache\logging\log4j\log4j-core\2.25.2\log4j-core-2.25.2.jar;C:\Users\Owner\.m2\repository\org\apache\logging\log4j\log4j-api\2.25.2\log4j-api-2.25.2.jar;C:\Users\Owner\.m2\repository\com\aventstack\extentreports\5.1.2\extentreports-5.1.2.jar;C:\Users\Owner\.m2\repository\io\reactivex\rxjava3\rxjava\3.1.6\rxjava-3.1.6.jar;C:\Users\Owner\.m2\repository\org\reactivestreams\reactive-streams\1.0.4\reactive-streams-1.0.4.jar;C:\Users\Owner\.m2\repository\org\freemarker\freemarker\2.3.32\freemarker-2.3.32.jar;C:\Users\Owner\.m2\repository\org\projectlombok\lombok\1.18.26\lombok-1.18.26.jar;C:\Users\Owner\.m2\repository\org\apache\poi\poi-ooxml\5.5.0\poi-ooxml-5.5.0.jar;C:\Users\Owner\.m2\repository\org\apache\poi\poi\5.5.0\poi-5.5.0.jar;C:\Users\Owner\.m2\repository\org\apache\commons\commons-math3\3.6.1\commons-math3-3.6.1.jar;C:\Users\Owner\.m2\repository\com\zaxxer\SparseBitSet\1.3\SparseBitSet-1.3.jar;C:\Users\Owner\.m2\repository\org\apache\poi\poi-ooxml-lite\5.5.0\poi-ooxml-lite-5.5.0.jar;C:\Users\Owner\.m2\repository\org\apache\xmlbeans\xmlbeans\5.3.0\xmlbeans-5.3.0.jar;C:\Users\Owner\.m2\repository\commons-io\commons-io\2.20.0\commons-io-2.20.0.jar;C:\Users\Owner\.m2\repository\com\github\virtuald\curvesapi\1.08\curvesapi-1.08.jar;C:\Users\Owner\.m2\repository\org\apache\commons\commons-collections4\4.5.0\commons-collections4-4.5.0.jar;"/>
    <property name="java.vm.vendor" value="Oracle Corporation"/>
    <property name="sun.arch.data.model" value="64"/>
    <property name="user.variant" value=""/>
    <property name="java.vendor.url" value="https://java.oracle.com/"/>
    <property name="user.timezone" value="America/Chicago"/>
    <property name="os.name" value="Windows 11"/>
    <property name="java.vm.specification.version" value="21"/>
    <property name="sun.java.launcher" value="SUN_STANDARD"/>
    <property name="user.country" value="US"/>
    <property name="sun.boot.library.path" value="C:\Program Files\Java\jdk-21\bin"/>
    <property name="sun.java.command" value="C:\Users\Owner\AppData\Local\Temp\surefire2008726444502886153\surefirebooter-20251211123739041_3.jar C:\Users\Owner\AppData\Local\Temp\surefire2008726444502886153 2025-12-11T12-37-38_920-jvmRun1 surefire-20251211123739041_1tmp surefire_0-20251211123739041_2tmp"/>
    <property name="jdk.debug" value="release"/>
    <property name="surefire.test.class.path" value="C:\Users\Owner\eclipse-workspace\Framework_with_cicd\target\test-classes;C:\Users\Owner\eclipse-workspace\Framework_with_cicd\target\classes;C:\Users\Owner\.m2\repository\org\seleniumhq\selenium\selenium-java\4.39.0\selenium-java-4.39.0.jar;C:\Users\Owner\.m2\repository\org\seleniumhq\selenium\selenium-api\4.39.0\selenium-api-4.39.0.jar;C:\Users\Owner\.m2\repository\org\jspecify\jspecify\1.0.0\jspecify-1.0.0.jar;C:\Users\Owner\.m2\repository\org\seleniumhq\selenium\selenium-chrome-driver\4.39.0\selenium-chrome-driver-4.39.0.jar;C:\Users\Owner\.m2\repository\com\google\auto\service\auto-service-annotations\1.1.1\auto-service-annotations-1.1.1.jar;C:\Users\Owner\.m2\repository\org\seleniumhq\selenium\selenium-chromium-driver\4.39.0\selenium-chromium-driver-4.39.0.jar;C:\Users\Owner\.m2\repository\org\seleniumhq\selenium\selenium-json\4.39.0\selenium-json-4.39.0.jar;C:\Users\Owner\.m2\repository\org\seleniumhq\selenium\selenium-manager\4.39.0\selenium-manager-4.39.0.jar;C:\Users\Owner\.m2\repository\org\seleniumhq\selenium\selenium-devtools-v141\4.39.0\selenium-devtools-v141-4.39.0.jar;C:\Users\Owner\.m2\repository\org\seleniumhq\selenium\selenium-devtools-v142\4.39.0\selenium-devtools-v142-4.39.0.jar;C:\Users\Owner\.m2\repository\org\seleniumhq\selenium\selenium-devtools-v143\4.39.0\selenium-devtools-v143-4.39.0.jar;C:\Users\Owner\.m2\repository\org\seleniumhq\selenium\selenium-edge-driver\4.39.0\selenium-edge-driver-4.39.0.jar;C:\Users\Owner\.m2\repository\org\seleniumhq\selenium\selenium-firefox-driver\4.39.0\selenium-firefox-driver-4.39.0.jar;C:\Users\Owner\.m2\repository\org\seleniumhq\selenium\selenium-http\4.39.0\selenium-http-4.39.0.jar;C:\Users\Owner\.m2\repository\org\seleniumhq\selenium\selenium-ie-driver\4.39.0\selenium-ie-driver-4.39.0.jar;C:\Users\Owner\.m2\repository\org\seleniumhq\selenium\selenium-remote-driver\4.39.0\selenium-remote-driver-4.39.0.jar;C:\Users\Owner\.m2\repository\com\google\guava\guava\33.5.0-jre\guava-33.5.0-jre.jar;C:\Users\Owner\.m2\repository\com\google\guava\failureaccess\1.0.3\failureaccess-1.0.3.jar;C:\Users\Owner\.m2\repository\com\google\guava\listenablefuture\9999.0-empty-to-avoid-conflict-with-guava\listenablefuture-9999.0-empty-to-avoid-conflict-with-guava.jar;C:\Users\Owner\.m2\repository\com\google\j2objc\j2objc-annotations\3.1\j2objc-annotations-3.1.jar;C:\Users\Owner\.m2\repository\io\opentelemetry\opentelemetry-api\1.56.0\opentelemetry-api-1.56.0.jar;C:\Users\Owner\.m2\repository\io\opentelemetry\opentelemetry-context\1.56.0\opentelemetry-context-1.56.0.jar;C:\Users\Owner\.m2\repository\io\opentelemetry\opentelemetry-common\1.56.0\opentelemetry-common-1.56.0.jar;C:\Users\Owner\.m2\repository\io\opentelemetry\opentelemetry-exporter-logging\1.56.0\opentelemetry-exporter-logging-1.56.0.jar;C:\Users\Owner\.m2\repository\io\opentelemetry\opentelemetry-sdk-common\1.56.0\opentelemetry-sdk-common-1.56.0.jar;C:\Users\Owner\.m2\repository\io\opentelemetry\opentelemetry-sdk-extension-autoconfigure-spi\1.56.0\opentelemetry-sdk-extension-autoconfigure-spi-1.56.0.jar;C:\Users\Owner\.m2\repository\io\opentelemetry\opentelemetry-sdk-extension-autoconfigure\1.56.0\opentelemetry-sdk-extension-autoconfigure-1.56.0.jar;C:\Users\Owner\.m2\repository\io\opentelemetry\opentelemetry-sdk-trace\1.56.0\opentelemetry-sdk-trace-1.56.0.jar;C:\Users\Owner\.m2\repository\io\opentelemetry\opentelemetry-sdk\1.56.0\opentelemetry-sdk-1.56.0.jar;C:\Users\Owner\.m2\repository\io\opentelemetry\opentelemetry-sdk-metrics\1.56.0\opentelemetry-sdk-metrics-1.56.0.jar;C:\Users\Owner\.m2\repository\io\opentelemetry\opentelemetry-sdk-logs\1.56.0\opentelemetry-sdk-logs-1.56.0.jar;C:\Users\Owner\.m2\repository\net\bytebuddy\byte-buddy\1.18.2\byte-buddy-1.18.2.jar;C:\Users\Owner\.m2\repository\org\seleniumhq\selenium\selenium-os\4.39.0\selenium-os-4.39.0.jar;C:\Users\Owner\.m2\repository\org\apache\commons\commons-exec\1.6.0\commons-exec-1.6.0.jar;C:\Users\Owner\.m2\repository\org\seleniumhq\selenium\selenium-safari-driver\4.39.0\selenium-safari-driver-4.39.0.jar;C:\Users\Owner\.m2\repository\org\seleniumhq\selenium\selenium-support\4.39.0\selenium-support-4.39.0.jar;C:\Users\Owner\.m2\repository\org\testng\testng\7.11.0\testng-7.11.0.jar;C:\Users\Owner\.m2\repository\org\slf4j\slf4j-api\2.0.16\slf4j-api-2.0.16.jar;C:\Users\Owner\.m2\repository\org\jcommander\jcommander\1.83\jcommander-1.83.jar;C:\Users\Owner\.m2\repository\org\webjars\jquery\3.7.1\jquery-3.7.1.jar;C:\Users\Owner\.m2\repository\io\github\bonigarcia\webdrivermanager\6.3.2\webdrivermanager-6.3.2.jar;C:\Users\Owner\.m2\repository\com\google\code\gson\gson\2.13.2\gson-2.13.2.jar;C:\Users\Owner\.m2\repository\com\google\errorprone\error_prone_annotations\2.41.0\error_prone_annotations-2.41.0.jar;C:\Users\Owner\.m2\repository\com\github\docker-java\docker-java\3.6.0\docker-java-3.6.0.jar;C:\Users\Owner\.m2\repository\com\github\docker-java\docker-java-core\3.6.0\docker-java-core-3.6.0.jar;C:\Users\Owner\.m2\repository\com\github\docker-java\docker-java-api\3.6.0\docker-java-api-3.6.0.jar;C:\Users\Owner\.m2\repository\com\fasterxml\jackson\core\jackson-annotations\2.19.2\jackson-annotations-2.19.2.jar;C:\Users\Owner\.m2\repository\com\fasterxml\jackson\core\jackson-databind\2.19.2\jackson-databind-2.19.2.jar;C:\Users\Owner\.m2\repository\com\fasterxml\jackson\core\jackson-core\2.19.2\jackson-core-2.19.2.jar;C:\Users\Owner\.m2\repository\org\slf4j\jcl-over-slf4j\1.7.30\jcl-over-slf4j-1.7.30.jar;C:\Users\Owner\.m2\repository\com\github\docker-java\docker-java-transport-httpclient5\3.6.0\docker-java-transport-httpclient5-3.6.0.jar;C:\Users\Owner\.m2\repository\com\github\docker-java\docker-java-transport\3.6.0\docker-java-transport-3.6.0.jar;C:\Users\Owner\.m2\repository\net\java\dev\jna\jna\5.17.0\jna-5.17.0.jar;C:\Users\Owner\.m2\repository\org\brotli\dec\0.1.2\dec-0.1.2.jar;C:\Users\Owner\.m2\repository\org\apache\commons\commons-lang3\3.18.0\commons-lang3-3.18.0.jar;C:\Users\Owner\.m2\repository\org\apache\commons\commons-compress\1.28.0\commons-compress-1.28.0.jar;C:\Users\Owner\.m2\repository\commons-codec\commons-codec\1.19.0\commons-codec-1.19.0.jar;C:\Users\Owner\.m2\repository\org\apache\httpcomponents\client5\httpclient5\5.4.3\httpclient5-5.4.3.jar;C:\Users\Owner\.m2\repository\org\apache\httpcomponents\core5\httpcore5\5.3.4\httpcore5-5.3.4.jar;C:\Users\Owner\.m2\repository\org\apache\httpcomponents\core5\httpcore5-h2\5.3.4\httpcore5-h2-5.3.4.jar;C:\Users\Owner\.m2\repository\org\apache\logging\log4j\log4j-core\2.25.2\log4j-core-2.25.2.jar;C:\Users\Owner\.m2\repository\org\apache\logging\log4j\log4j-api\2.25.2\log4j-api-2.25.2.jar;C:\Users\Owner\.m2\repository\com\aventstack\extentreports\5.1.2\extentreports-5.1.2.jar;C:\Users\Owner\.m2\repository\io\reactivex\rxjava3\rxjava\3.1.6\rxjava-3.1.6.jar;C:\Users\Owner\.m2\repository\org\reactivestreams\reactive-streams\1.0.4\reactive-streams-1.0.4.jar;C:\Users\Owner\.m2\repository\org\freemarker\freemarker\2.3.32\freemarker-2.3.32.jar;C:\Users\Owner\.m2\repository\org\projectlombok\lombok\1.18.26\lombok-1.18.26.jar;C:\Users\Owner\.m2\repository\org\apache\poi\poi-ooxml\5.5.0\poi-ooxml-5.5.0.jar;C:\Users\Owner\.m2\repository\org\apache\poi\poi\5.5.0\poi-5.5.0.jar;C:\Users\Owner\.m2\repository\org\apache\commons\commons-math3\3.6.1\commons-math3-3.6.1.jar;C:\Users\Owner\.m2\repository\com\zaxxer\SparseBitSet\1.3\SparseBitSet-1.3.jar;C:\Users\Owner\.m2\repository\org\apache\poi\poi-ooxml-lite\5.5.0\poi-ooxml-lite-5.5.0.jar;C:\Users\Owner\.m2\repository\org\apache\xmlbeans\xmlbeans\5.3.0\xmlbeans-5.3.0.jar;C:\Users\Owner\.m2\repository\commons-io\commons-io\2.20.0\commons-io-2.20.0.jar;C:\Users\Owner\.m2\repository\com\github\virtuald\curvesapi\1.08\curvesapi-1.08.jar;C:\Users\Owner\.m2\repository\org\apache\commons\commons-collections4\4.5.0\commons-collections4-4.5.0.jar;"/>
    <property name="sun.cpu.endian" value="little"/>
    <property name="user.home" value="C:\Users\Owner"/>
    <property name="user.language" value="en"/>
    <property name="java.specification.vendor" value="Oracle Corporation"/>
    <property name="java.version.date" value="2024-04-16"/>
    <property name="java.home" value="C:\Program Files\Java\jdk-21"/>
    <property name="file.separator" value="\"/>
    <property name="basedir" value="C:\Users\Owner\eclipse-workspace\Framework_with_cicd"/>
    <property name="style.color" value="always"/>
    <property name="java.vm.compressedOopsMode" value="32-bit"/>
    <property name="line.separator" value="&#10;"/>
    <property name="java.vm.specification.vendor" value="Oracle Corporation"/>
    <property name="java.specification.name" value="Java Platform API Specification"/>
    <property name="surefire.real.class.path" value="C:\Users\Owner\AppData\Local\Temp\surefire2008726444502886153\surefirebooter-20251211123739041_3.jar"/>
    <property name="user.script" value=""/>
    <property name="sun.management.compiler" value="HotSpot 64-Bit Tiered Compilers"/>
    <property name="java.runtime.version" value="21.0.3+7-LTS-152"/>
    <property name="user.name" value="Owner"/>
    <property name="stdout.encoding" value="Cp1252"/>
    <property name="path.separator" value=";"/>
    <property name="os.version" value="10.0"/>
    <property name="java.runtime.name" value="Java(TM) SE Runtime Environment"/>
    <property name="file.encoding" value="UTF-8"/>
    <property name="java.vm.name" value="Java HotSpot(TM) 64-Bit Server VM"/>
    <property name="localRepository" value="C:\Users\Owner\.m2\repository"/>
    <property name="java.vendor.url.bug" value="https://bugreport.java.com/bugreport/"/>
    <property name="java.io.tmpdir" value="C:\Users\Owner\AppData\Local\Temp\"/>
    <property name="java.version" value="21.0.3"/>
    <property name="user.dir" value="C:\Users\Owner\eclipse-workspace\Framework_with_cicd"/>
    <property name="os.arch" value="amd64"/>
    <property name="java.vm.specification.name" value="Java Virtual Machine Specification"/>
    <property name="sun.os.patch.level" value=""/>
    <property name="native.encoding" value="Cp1252"/>
    <property name="java.library.path" value="C:\Program Files\Java\jdk-21\bin;C:\WINDOWS\Sun\Java\bin;C:\WINDOWS\system32;C:\WINDOWS;C:\Program Files\Common Files\Oracle\Java\javapath;C:\WINDOWS\system32;C:\WINDOWS;C:\WINDOWS\System32\Wbem;C:\WINDOWS\System32\WindowsPowerShell\v1.0\;C:\WINDOWS\System32\OpenSSH\;C:\Program Files\Java\jdk-22\bin;C:\Users\Owner\AppData\Roaming\npm\node_modules\newman;C:\Users\Owner\AppData\Roaming\npm\node_modules\newman\bin;C:\Users\Owner\AppData\Roaming\npm;C:\Users\Owner\OneDrive\Pictures\Saved Pictures\apache-maven-3.9.9-bin\apache-maven-3.9.9\bin;C:\Program Files\nodejs\;C:\Program Files\Git\bin;C:\apache-maven-3.9.11;C:\Users\Owner\AppData\Local\Programs\Python\Python314\Scripts\;C:\Users\Owner\AppData\Local\Programs\Python\Python314\;C:\Users\Owner\AppData\Local\Programs\Python\Python313\Scripts\;C:\Users\Owner\AppData\Local\Programs\Python\Python313\;C:\Program Files\MySQL\MySQL Shell 8.0\bin\;C:\Users\Owner\AppData\Local\Microsoft\WindowsApps;C:\Users\Owner\AppData\Local\Microsoft\WinGet\Packages\Schniz.fnm_Microsoft.Winget.Source_8wekyb3d8bbwe;C:\Users\Owner\OneDrive\Pictures\Saved Pictures\apache-maven-3.9.9-bin\apache-maven-3.9.9\bin;C:\Users\Owner\AppData\Local\Programs\Microsoft VS Code\bin;C:\Users\Owner\AppData\Roaming\npm;C:\Program Files\JetBrains\PyCharm 2025.2.3\bin;."/>
    <property name="java.vm.info" value="mixed mode, sharing"/>
    <property name="stderr.encoding" value="Cp1252"/>
    <property name="java.vendor" value="Oracle Corporation"/>
    <property name="java.vm.version" value="21.0.3+7-LTS-152"/>
    <property name="sun.io.unicode.encoding" value="UnicodeLittle"/>
    <property name="java.class.version" value="65.0"/>
  </properties>
  <testcase name="TC01_VerifyNavigationToElementsPage" classname="com.Framework_with_cicd.TestCases.ElementsPageTest" time="0.395">
    <system-out><![CDATA[...
... TestNG 7.11.0 by CÃ©dric Beust (cedric@beust.com)
...

2025-12-11 12:37:44 [main] INFO com.Framework_with_cicd.TestCases.BaseClass - Started TC01_VerifyNavigationToElementsPage......
2025-12-11 12:37:44 [main] INFO com.Framework_with_cicd.TestCases.BaseClass - Currently on the Home page
2025-12-11 12:37:44 [main] INFO com.Framework_with_cicd.TestCases.BaseClass - Scrolling down to the Elements label on the Elements card
2025-12-11 12:37:44 [main] INFO com.Framework_with_cicd.TestCases.BaseClass - Clicking the Elements card
2025-12-11 12:37:44 [main] INFO com.Framework_with_cicd.TestCases.BaseClass - Elements card is clicked!
2025-12-11 12:37:44 [main] INFO com.Framework_with_cicd.TestCases.BaseClass - Clicking the 'Text Box' option on the Elements page
2025-12-11 12:37:44 [main] INFO com.Framework_with_cicd.TestCases.BaseClass - Navigated to the Elements page successfully!!
]]></system-out>
    <system-err><![CDATA[SLF4J(W): No SLF4J providers were found.
SLF4J(W): Defaulting to no-operation (NOP) logger implementation
SLF4J(W): See https://www.slf4j.org/codes.html#noProviders for further details.
2025-12-11T18:37:40.157760900Z main INFO Starting configuration XmlConfiguration[location=C:\Users\Owner\eclipse-workspace\Framework_with_cicd\target\test-classes\log4j2.xml, lastModified=2025-11-18T17:55:55.626Z]...
2025-12-11T18:37:40.158755100Z main INFO Configuration XmlConfiguration[location=C:\Users\Owner\eclipse-workspace\Framework_with_cicd\target\test-classes\log4j2.xml, lastModified=2025-11-18T17:55:55.626Z] started.
2025-12-11T18:37:40.160756Z main INFO Stopping configuration org.apache.logging.log4j.core.config.DefaultConfiguration@37efd131...
2025-12-11T18:37:40.160756Z main INFO Configuration org.apache.logging.log4j.core.config.DefaultConfiguration@37efd131 stopped.
]]></system-err>
  </testcase>
  <testcase name="TC02_ValidateTextBoxOptionOpensTextBoxPage" classname="com.Framework_with_cicd.TestCases.ElementsPageTest" time="0.374">
    <system-out><![CDATA[2025-12-11 12:37:48 [main] INFO com.Framework_with_cicd.TestCases.BaseClass - Started TC02_ValidateTextBoxOptionOpensTextBoxPage......
2025-12-11 12:37:48 [main] INFO com.Framework_with_cicd.TestCases.BaseClass - Currently on the Home page
2025-12-11 12:37:48 [main] INFO com.Framework_with_cicd.TestCases.BaseClass - Scrolling down to the Elements label on the Elements card
2025-12-11 12:37:48 [main] INFO com.Framework_with_cicd.TestCases.BaseClass - Clicking the Elements card
2025-12-11 12:37:48 [main] INFO com.Framework_with_cicd.TestCases.BaseClass - Elements card is clicked!
2025-12-11 12:37:48 [main] INFO com.Framework_with_cicd.TestCases.BaseClass - Clicking the 'Text Box' option on the Elements page
2025-12-11 12:37:48 [main] INFO com.Framework_with_cicd.TestCases.BaseClass - Text Box heading validation is done successfully!
]]></system-out>
  </testcase>
  <testcase name="TC03_ValidateTextBoxOptionOpensTextBoxPage" classname="com.Framework_with_cicd.TestCases.ElementsPageTest" time="5.441">
    <failure message="Expected condition failed: waiting for visibility of Proxy element for: DefaultElementLocator &apos;By.xpath: //h5[contains(text(), &apos;Elements&apos;)]&apos; (tried for 5 second(s) with 500 milliseconds interval)" type="org.openqa.selenium.TimeoutException"><![CDATA[org.openqa.selenium.TimeoutException: Expected condition failed: waiting for visibility of Proxy element for: DefaultElementLocator 'By.xpath: //h5[contains(text(), 'Elements')]' (tried for 5 second(s) with 500 milliseconds interval)
	at org.openqa.selenium.support.ui.WebDriverWait.timeoutException(WebDriverWait.java:84)
	at org.openqa.selenium.support.ui.FluentWait.until(FluentWait.java:228)
	at com.Framework_with_cicd.PageObjects.HomePage.scrollToElementsCard(HomePage.java:46)
	at com.Framework_with_cicd.TestCases.ElementsPageTest.TC03_ValidateTextBoxOptionOpensTextBoxPage(ElementsPageTest.java:124)
	at java.base/jdk.internal.reflect.DirectMethodHandleAccessor.invoke(DirectMethodHandleAccessor.java:103)
	at java.base/java.lang.reflect.Method.invoke(Method.java:580)
	at org.testng.internal.invokers.MethodInvocationHelper.invokeMethod(MethodInvocationHelper.java:141)
	at org.testng.internal.invokers.TestInvoker.invokeMethod(TestInvoker.java:687)
	at org.testng.internal.invokers.TestInvoker.invokeTestMethod(TestInvoker.java:230)
	at org.testng.internal.invokers.MethodRunner.runInSequence(MethodRunner.java:63)
	at org.testng.internal.invokers.TestInvoker$MethodInvocationAgent.invoke(TestInvoker.java:995)
	at org.testng.internal.invokers.TestInvoker.invokeTestMethods(TestInvoker.java:203)
	at org.testng.internal.invokers.TestMethodWorker.invokeTestMethods(TestMethodWorker.java:154)
	at org.testng.internal.invokers.TestMethodWorker.run(TestMethodWorker.java:134)
	at java.base/java.util.ArrayList.forEach(ArrayList.java:1596)
	at org.testng.TestRunner.privateRun(TestRunner.java:741)
	at org.testng.TestRunner.run(TestRunner.java:616)
	at org.testng.SuiteRunner.runTest(SuiteRunner.java:421)
	at org.testng.SuiteRunner.runSequentially(SuiteRunner.java:413)
	at org.testng.SuiteRunner.privateRun(SuiteRunner.java:373)
	at org.testng.SuiteRunner.run(SuiteRunner.java:312)
	at org.testng.SuiteRunnerWorker.runSuite(SuiteRunnerWorker.java:52)
	at org.testng.SuiteRunnerWorker.run(SuiteRunnerWorker.java:95)
	at org.testng.TestNG.runSuitesSequentially(TestNG.java:1274)
	at org.testng.TestNG.runSuitesLocally(TestNG.java:1208)
	at org.testng.TestNG.runSuites(TestNG.java:1112)
	at org.testng.TestNG.run(TestNG.java:1079)
	at org.apache.maven.surefire.testng.TestNGExecutor.run(TestNGExecutor.java:308)
	at org.apache.maven.surefire.testng.TestNGXmlTestSuite.execute(TestNGXmlTestSuite.java:71)
	at org.apache.maven.surefire.testng.TestNGProvider.invoke(TestNGProvider.java:113)
	at org.apache.maven.surefire.booter.ForkedBooter.runSuitesInProcess(ForkedBooter.java:385)
	at org.apache.maven.surefire.booter.ForkedBooter.execute(ForkedBooter.java:162)
	at org.apache.maven.surefire.booter.ForkedBooter.run(ForkedBooter.java:507)
	at org.apache.maven.surefire.booter.ForkedBooter.main(ForkedBooter.java:495)
Caused by: org.openqa.selenium.NoSuchElementException: no such element: Unable to locate element: {"method":"xpath","selector":"//h5[contains(text(), 'Elements')]"}
  (Session info: chrome=143.0.7499.41)
For documentation on this error, please visit: https://www.selenium.dev/documentation/webdriver/troubleshooting/errors#nosuchelementexception
Build info: version: '4.39.0', revision: '126f156aee'
System info: os.name: 'Windows 11', os.arch: 'amd64', os.version: '10.0', java.version: '21.0.3'
Driver info: org.openqa.selenium.chrome.ChromeDriver
Command: [593cd0010c1200fe7bc05e9e97d80f9a, findElement {value=//h5[contains(text(), 'Elements')], using=xpath}]
Capabilities {acceptInsecureCerts: false, browserName: chrome, browserVersion: 143.0.7499.41, chrome: {chromedriverVersion: 143.0.7499.42 (24bdc8c48a0c..., userDataDir: C:\Users\Owner\AppData\Loca...}, fedcm:accounts: true, goog:chromeOptions: {debuggerAddress: localhost:54551}, goog:processID: 18188, networkConnectionEnabled: false, pageLoadStrategy: normal, platformName: windows, proxy: Proxy(), se:cdp: ws://localhost:54551/devtoo..., se:cdpVersion: 143.0.7499.41, setWindowRect: true, strictFileInteractability: false, timeouts: {implicit: 0, pageLoad: 300000, script: 30000}, unhandledPromptBehavior: dismiss and notify, webauthn:extension:credBlob: true, webauthn:extension:largeBlob: true, webauthn:extension:minPinLength: true, webauthn:extension:prf: true, webauthn:virtualAuthenticators: true}
Session ID: 593cd0010c1200fe7bc05e9e97d80f9a
	at java.base/jdk.internal.reflect.DirectConstructorHandleAccessor.newInstance(DirectConstructorHandleAccessor.java:62)
	at java.base/java.lang.reflect.Constructor.newInstanceWithCaller(Constructor.java:502)
	at java.base/java.lang.reflect.Constructor.newInstance(Constructor.java:486)
	at org.openqa.selenium.remote.ErrorCodec.decode(ErrorCodec.java:167)
	at org.openqa.selenium.remote.codec.w3c.W3CHttpResponseCodec.decode(W3CHttpResponseCodec.java:142)
	at org.openqa.selenium.remote.codec.w3c.W3CHttpResponseCodec.decode(W3CHttpResponseCodec.java:49)
	at org.openqa.selenium.remote.HttpCommandExecutor.execute(HttpCommandExecutor.java:215)
	at org.openqa.selenium.remote.service.DriverCommandExecutor.invokeExecute(DriverCommandExecutor.java:216)
	at org.openqa.selenium.remote.service.DriverCommandExecutor.execute(DriverCommandExecutor.java:174)
	at org.openqa.selenium.remote.RemoteWebDriver.execute(RemoteWebDriver.java:561)
	at org.openqa.selenium.remote.ElementLocation$ElementFinder$2.findElement(ElementLocation.java:166)
	at org.openqa.selenium.remote.ElementLocation.findElement(ElementLocation.java:60)
	at org.openqa.selenium.remote.RemoteWebDriver.findElement(RemoteWebDriver.java:384)
	at org.openqa.selenium.remote.RemoteWebDriver.findElement(RemoteWebDriver.java:378)
	at org.openqa.selenium.support.pagefactory.DefaultElementLocator.findElement(DefaultElementLocator.java:68)
	at org.openqa.selenium.support.pagefactory.internal.LocatingElementHandler.invoke(LocatingElementHandler.java:38)
	at jdk.proxy2/jdk.proxy2.$Proxy29.isDisplayed(Unknown Source)
	at org.openqa.selenium.support.ui.ExpectedConditions.elementIfVisible(ExpectedConditions.java:308)
	at org.openqa.selenium.support.ui.ExpectedConditions$10.apply(ExpectedConditions.java:294)
	at org.openqa.selenium.support.ui.ExpectedConditions$10.apply(ExpectedConditions.java:291)
	at org.openqa.selenium.support.ui.FluentWait.until(FluentWait.java:203)
	... 32 more
]]></failure>
    <system-out><![CDATA[2025-12-11 12:37:50 [main] INFO com.Framework_with_cicd.TestCases.BaseClass - Started TC03_ValidateTextBoxOptionOpensTextBoxPage......
2025-12-11 12:37:50 [main] INFO com.Framework_with_cicd.TestCases.BaseClass - Currently on the Home page
2025-12-11 12:37:50 [main] INFO com.Framework_with_cicd.TestCases.BaseClass - Scrolling down to the Elements label on the Elements card
]]></system-out>
  </testcase>
  <testcase name="TC04_XlDataProviderValidation[Mohan D, mohan@gmail.com, asdfg, asdf](1)" classname="com.Framework_with_cicd.TestCases.ElementsPageTest" time="1.656">
    <system-out><![CDATA[2025-12-11 12:38:00 [main] INFO com.Framework_with_cicd.TestCases.BaseClass - Started TC04_XlDataProviderValidation......
2025-12-11 12:38:00 [main] INFO com.Framework_with_cicd.TestCases.BaseClass - Currently on the Home page
2025-12-11 12:38:00 [main] INFO com.Framework_with_cicd.TestCases.BaseClass - Scrolling down to the Elements label on the Elements card
2025-12-11 12:38:00 [main] INFO com.Framework_with_cicd.TestCases.BaseClass - Clicking the Elements card
2025-12-11 12:38:00 [main] INFO com.Framework_with_cicd.TestCases.BaseClass - Elements card is clicked!
2025-12-11 12:38:00 [main] INFO com.Framework_with_cicd.TestCases.BaseClass - Clicking the 'Text Box' option on the Elements page
2025-12-11 12:38:00 [main] INFO com.Framework_with_cicd.TestCases.BaseClass - Text Box heading validation is done successfully!
2025-12-11 12:38:00 [main] INFO com.Framework_with_cicd.TestCases.BaseClass - Entered the Full Name
2025-12-11 12:38:00 [main] INFO com.Framework_with_cicd.TestCases.BaseClass - Entered the Email
2025-12-11 12:38:01 [main] INFO com.Framework_with_cicd.TestCases.BaseClass - Entered the Current Address
2025-12-11 12:38:01 [main] INFO com.Framework_with_cicd.TestCases.BaseClass - Entered the Permanent Address
2025-12-11 12:38:01 [main] INFO com.Framework_with_cicd.TestCases.BaseClass - Clicked the SUBMIT button
2025-12-11 12:38:01 [main] INFO com.Framework_with_cicd.TestCases.BaseClass - Output banner is present!
2025-12-11 12:38:01 [main] INFO com.Framework_with_cicd.TestCases.BaseClass - Name:Mohan D
Email:mohan@gmail.com
Current Address :asdfg
Permananet Address :asdf
2025-12-11 12:38:01 [main] INFO com.Framework_with_cicd.TestCases.BaseClass - Output is displayed Successfully!!!
]]></system-out>
  </testcase>
  <testcase name="TC04_XlDataProviderValidation[Rakesh, rakesh@gmail.com, gkjgfkj, kjdfkjdf](2)" classname="com.Framework_with_cicd.TestCases.ElementsPageTest" time="1.501">
    <system-out><![CDATA[2025-12-11 12:38:05 [main] INFO com.Framework_with_cicd.TestCases.BaseClass - Started TC04_XlDataProviderValidation......
2025-12-11 12:38:05 [main] INFO com.Framework_with_cicd.TestCases.BaseClass - Currently on the Home page
2025-12-11 12:38:05 [main] INFO com.Framework_with_cicd.TestCases.BaseClass - Scrolling down to the Elements label on the Elements card
2025-12-11 12:38:05 [main] INFO com.Framework_with_cicd.TestCases.BaseClass - Clicking the Elements card
2025-12-11 12:38:05 [main] INFO com.Framework_with_cicd.TestCases.BaseClass - Elements card is clicked!
2025-12-11 12:38:05 [main] INFO com.Framework_with_cicd.TestCases.BaseClass - Clicking the 'Text Box' option on the Elements page
2025-12-11 12:38:06 [main] INFO com.Framework_with_cicd.TestCases.BaseClass - Text Box heading validation is done successfully!
2025-12-11 12:38:06 [main] INFO com.Framework_with_cicd.TestCases.BaseClass - Entered the Full Name
2025-12-11 12:38:06 [main] INFO com.Framework_with_cicd.TestCases.BaseClass - Entered the Email
2025-12-11 12:38:06 [main] INFO com.Framework_with_cicd.TestCases.BaseClass - Entered the Current Address
2025-12-11 12:38:06 [main] INFO com.Framework_with_cicd.TestCases.BaseClass - Entered the Permanent Address
2025-12-11 12:38:06 [main] INFO com.Framework_with_cicd.TestCases.BaseClass - Clicked the SUBMIT button
2025-12-11 12:38:07 [main] INFO com.Framework_with_cicd.TestCases.BaseClass - Output banner is present!
2025-12-11 12:38:07 [main] INFO com.Framework_with_cicd.TestCases.BaseClass - Name:Rakesh
Email:rakesh@gmail.com
Current Address :gkjgfkj
Permananet Address :kjdfkjdf
2025-12-11 12:38:07 [main] INFO com.Framework_with_cicd.TestCases.BaseClass - Output is displayed Successfully!!!
]]></system-out>
  </testcase>
  <testcase name="TC04_XlDataProviderValidation[asdfg, asdfg@asdf.com, gfkjkjj, ljnkdv](3)" classname="com.Framework_with_cicd.TestCases.ElementsPageTest" time="1.336">
    <system-out><![CDATA[2025-12-11 12:38:11 [main] INFO com.Framework_with_cicd.TestCases.BaseClass - Started TC04_XlDataProviderValidation......
2025-12-11 12:38:11 [main] INFO com.Framework_with_cicd.TestCases.BaseClass - Currently on the Home page
2025-12-11 12:38:11 [main] INFO com.Framework_with_cicd.TestCases.BaseClass - Scrolling down to the Elements label on the Elements card
2025-12-11 12:38:11 [main] INFO com.Framework_with_cicd.TestCases.BaseClass - Clicking the Elements card
2025-12-11 12:38:11 [main] INFO com.Framework_with_cicd.TestCases.BaseClass - Elements card is clicked!
2025-12-11 12:38:11 [main] INFO com.Framework_with_cicd.TestCases.BaseClass - Clicking the 'Text Box' option on the Elements page
2025-12-11 12:38:11 [main] INFO com.Framework_with_cicd.TestCases.BaseClass - Text Box heading validation is done successfully!
2025-12-11 12:38:11 [main] INFO com.Framework_with_cicd.TestCases.BaseClass - Entered the Full Name
2025-12-11 12:38:11 [main] INFO com.Framework_with_cicd.TestCases.BaseClass - Entered the Email
2025-12-11 12:38:11 [main] INFO com.Framework_with_cicd.TestCases.BaseClass - Entered the Current Address
2025-12-11 12:38:11 [main] INFO com.Framework_with_cicd.TestCases.BaseClass - Entered the Permanent Address
2025-12-11 12:38:12 [main] INFO com.Framework_with_cicd.TestCases.BaseClass - Clicked the SUBMIT button
2025-12-11 12:38:12 [main] INFO com.Framework_with_cicd.TestCases.BaseClass - Output banner is present!
2025-12-11 12:38:12 [main] INFO com.Framework_with_cicd.TestCases.BaseClass - Name:asdfg
Email:asdfg@asdf.com
Current Address :gfkjkjj
Permananet Address :ljnkdv
2025-12-11 12:38:12 [main] INFO com.Framework_with_cicd.TestCases.BaseClass - Output is displayed Successfully!!!
]]></system-out>
  </testcase>
  <testcase name="TC05_ValidateTextBoxOptionOpensTextBoxPage1" classname="com.Framework_with_cicd.TestCases.ElementsPageTest" time="1.101">
    <system-out><![CDATA[2025-12-11 12:38:16 [main] INFO com.Framework_with_cicd.TestCases.BaseClass - Started TC05_ValidateTextBoxOptionOpensTextBoxPage1......
2025-12-11 12:38:16 [main] INFO com.Framework_with_cicd.TestCases.BaseClass - Currently on the Home page
2025-12-11 12:38:16 [main] INFO com.Framework_with_cicd.TestCases.BaseClass - Scrolling down to the Elements label on the Elements card
2025-12-11 12:38:16 [main] INFO com.Framework_with_cicd.TestCases.BaseClass - Clicking the Elements card
2025-12-11 12:38:16 [main] INFO com.Framework_with_cicd.TestCases.BaseClass - Elements card is clicked!
2025-12-11 12:38:16 [main] INFO com.Framework_with_cicd.TestCases.BaseClass - Clicking the 'Text Box' option on the Elements page
2025-12-11 12:38:16 [main] INFO com.Framework_with_cicd.TestCases.BaseClass - Text Box heading validation is done successfully!
2025-12-11 12:38:16 [main] INFO com.Framework_with_cicd.TestCases.BaseClass - Entered the Full Name
2025-12-11 12:38:16 [main] INFO com.Framework_with_cicd.TestCases.BaseClass - Entered the Email
2025-12-11 12:38:16 [main] INFO com.Framework_with_cicd.TestCases.BaseClass - Entered the Current Address
2025-12-11 12:38:16 [main] INFO com.Framework_with_cicd.TestCases.BaseClass - Entered the Permanent Address
2025-12-11 12:38:16 [main] INFO com.Framework_with_cicd.TestCases.BaseClass - Clicked the SUBMIT button
2025-12-11 12:38:17 [main] INFO com.Framework_with_cicd.TestCases.BaseClass - Output banner is present!
2025-12-11 12:38:17 [main] INFO com.Framework_with_cicd.TestCases.BaseClass - Name:asdf
Email:asdf@demoqa.com
Current Address :asdf
Permananet Address :asdf
2025-12-11 12:38:17 [main] INFO com.Framework_with_cicd.TestCases.BaseClass - Output is displayed Successfully!!!
]]></system-out>
  </testcase>
</testsuite>