<?xml version="1.0" encoding="UTF-8"?>
<testng-results ignored="0" total="6" passed="6" failed="0" skipped="0">
  <reporter-output>
  </reporter-output>
  <suite started-at="2025-12-11T17:01:41 CST" name="Suite" finished-at="2025-12-11T17:02:22 CST" duration-ms="41415">
    <groups>
    </groups>
    <test started-at="2025-12-11T17:01:41 CST" name="Test" finished-at="2025-12-11T17:02:22 CST" duration-ms="41415">
      <class name="com.Framework_with_cicd.TestCases.ElementsPageTest">
        <test-method is-config="true" signature="preConditions()[pri:0, instance:com.Framework_with_cicd.TestCases.ElementsPageTest@7c7b252e]" started-at="2025-12-11T17:01:41 CST" name="preConditions" finished-at="2025-12-11T17:01:41 CST" duration-ms="147" status="PASS">
          <reporter-output>
          </reporter-output>
        </test-method> <!-- preConditions -->
        <test-method is-config="true" signature="setUp()[pri:0, instance:com.Framework_with_cicd.TestCases.ElementsPageTest@7c7b252e]" started-at="2025-12-11T17:01:41 CST" name="setUp" finished-at="2025-12-11T17:01:48 CST" duration-ms="7321" status="PASS">
          <reporter-output>
          </reporter-output>
        </test-method> <!-- setUp -->
        <test-method signature="TC01_VerifyNavigationToElementsPage()[pri:0, instance:com.Framework_with_cicd.TestCases.ElementsPageTest@7c7b252e]" started-at="2025-12-11T17:01:48 CST" name="TC01_VerifyNavigationToElementsPage" finished-at="2025-12-11T17:01:49 CST" duration-ms="320" status="PASS">
          <reporter-output>
          </reporter-output>
        </test-method> <!-- TC01_VerifyNavigationToElementsPage -->
        <test-method is-config="true" signature="tearDown()[pri:0, instance:com.Framework_with_cicd.TestCases.ElementsPageTest@7c7b252e]" started-at="2025-12-11T17:01:49 CST" name="tearDown" finished-at="2025-12-11T17:01:49 CST" duration-ms="236" status="PASS">
          <reporter-output>
          </reporter-output>
        </test-method> <!-- tearDown -->
        <test-method is-config="true" signature="setUp()[pri:0, instance:com.Framework_with_cicd.TestCases.ElementsPageTest@7c7b252e]" started-at="2025-12-11T17:01:49 CST" name="setUp" finished-at="2025-12-11T17:01:54 CST" duration-ms="4668" status="PASS">
          <reporter-output>
          </reporter-output>
        </test-method> <!-- setUp -->
        <test-method signature="TC02_ValidateTextBoxOptionOpensTextBoxPage()[pri:0, instance:com.Framework_with_cicd.TestCases.ElementsPageTest@7c7b252e]" started-at="2025-12-11T17:01:54 CST" name="TC02_ValidateTextBoxOptionOpensTextBoxPage" finished-at="2025-12-11T17:01:54 CST" duration-ms="431" status="PASS">
          <reporter-output>
          </reporter-output>
        </test-method> <!-- TC02_ValidateTextBoxOptionOpensTextBoxPage -->
        <test-method is-config="true" signature="tearDown()[pri:0, instance:com.Framework_with_cicd.TestCases.ElementsPageTest@7c7b252e]" started-at="2025-12-11T17:01:54 CST" name="tearDown" finished-at="2025-12-11T17:01:54 CST" duration-ms="195" status="PASS">
          <reporter-output>
          </reporter-output>
        </test-method> <!-- tearDown -->
        <test-method is-config="true" signature="setUp()[pri:0, instance:com.Framework_with_cicd.TestCases.ElementsPageTest@7c7b252e]" started-at="2025-12-11T17:01:54 CST" name="setUp" finished-at="2025-12-11T17:02:00 CST" duration-ms="5731" status="PASS">
          <reporter-output>
          </reporter-output>
        </test-method> <!-- setUp -->
        <test-method signature="TC03_ValidateTextBoxOptionOpensTextBoxPage()[pri:0, instance:com.Framework_with_cicd.TestCases.ElementsPageTest@7c7b252e]" started-at="2025-12-11T17:02:00 CST" name="TC03_ValidateTextBoxOptionOpensTextBoxPage" finished-at="2025-12-11T17:02:01 CST" duration-ms="1189" status="PASS">
          <reporter-output>
          </reporter-output>
        </test-method> <!-- TC03_ValidateTextBoxOptionOpensTextBoxPage -->
        <test-method is-config="true" signature="tearDown()[pri:0, instance:com.Framework_with_cicd.TestCases.ElementsPageTest@7c7b252e]" started-at="2025-12-11T17:02:01 CST" name="tearDown" finished-at="2025-12-11T17:02:01 CST" duration-ms="223" status="PASS">
          <reporter-output>
          </reporter-output>
        </test-method> <!-- tearDown -->
        <test-method is-config="true" signature="setUp()[pri:0, instance:com.Framework_with_cicd.TestCases.ElementsPageTest@7c7b252e]" started-at="2025-12-11T17:02:02 CST" name="setUp" finished-at="2025-12-11T17:02:06 CST" duration-ms="4301" status="PASS">
          <reporter-output>
          </reporter-output>
        </test-method> <!-- setUp -->
        <test-method signature="TC04_XlDataProviderValidation(java.lang.String,java.lang.String,java.lang.String,java.lang.String)[pri:0, instance:com.Framework_with_cicd.TestCases.ElementsPageTest@7c7b252e]" started-at="2025-12-11T17:02:06 CST" name="TC04_XlDataProviderValidation" data-provider="getExcelData" finished-at="2025-12-11T17:02:07 CST" duration-ms="899" status="PASS">
          <params>
            <param index="0">
              <value>
                <![CDATA[Mohan D]]>
              </value>
            </param>
            <param index="1">
              <value>
                <![CDATA[mohan@gmail.com]]>
              </value>
            </param>
            <param index="2">
              <value>
                <![CDATA[asdfg]]>
              </value>
            </param>
            <param index="3">
              <value>
                <![CDATA[asdf]]>
              </value>
            </param>
          </params>
          <reporter-output>
          </reporter-output>
        </test-method> <!-- TC04_XlDataProviderValidation -->
        <test-method is-config="true" signature="tearDown()[pri:0, instance:com.Framework_with_cicd.TestCases.ElementsPageTest@7c7b252e]" started-at="2025-12-11T17:02:07 CST" name="tearDown" finished-at="2025-12-11T17:02:07 CST" duration-ms="210" status="PASS">
          <reporter-output>
          </reporter-output>
        </test-method> <!-- tearDown -->
        <test-method is-config="true" signature="setUp()[pri:0, instance:com.Framework_with_cicd.TestCases.ElementsPageTest@7c7b252e]" started-at="2025-12-11T17:02:07 CST" name="setUp" finished-at="2025-12-11T17:02:14 CST" duration-ms="6387" status="PASS">
          <reporter-output>
          </reporter-output>
        </test-method> <!-- setUp -->
        <test-method signature="TC04_XlDataProviderValidation(java.lang.String,java.lang.String,java.lang.String,java.lang.String)[pri:0, instance:com.Framework_with_cicd.TestCases.ElementsPageTest@7c7b252e]" started-at="2025-12-11T17:02:14 CST" name="TC04_XlDataProviderValidation" data-provider="getExcelData" finished-at="2025-12-11T17:02:15 CST" duration-ms="1622" status="PASS">
          <params>
            <param index="0">
              <value>
                <![CDATA[Rakesh]]>
              </value>
            </param>
            <param index="1">
              <value>
                <![CDATA[rakesh@gmail.com]]>
              </value>
            </param>
            <param index="2">
              <value>
                <![CDATA[gkjgfkj123]]>
              </value>
            </param>
            <param index="3">
              <value>
                <![CDATA[kjdfkjdf123]]>
              </value>
            </param>
          </params>
          <reporter-output>
          </reporter-output>
        </test-method> <!-- TC04_XlDataProviderValidation -->
        <test-method is-config="true" signature="tearDown()[pri:0, instance:com.Framework_with_cicd.TestCases.ElementsPageTest@7c7b252e]" started-at="2025-12-11T17:02:15 CST" name="tearDown" finished-at="2025-12-11T17:02:16 CST" duration-ms="208" status="PASS">
          <reporter-output>
          </reporter-output>
        </test-method> <!-- tearDown -->
        <test-method is-config="true" signature="setUp()[pri:0, instance:com.Framework_with_cicd.TestCases.ElementsPageTest@7c7b252e]" started-at="2025-12-11T17:02:16 CST" name="setUp" finished-at="2025-12-11T17:02:21 CST" duration-ms="5334" status="PASS">
          <reporter-output>
          </reporter-output>
        </test-method> <!-- setUp -->
        <test-method signature="TC04_XlDataProviderValidation(java.lang.String,java.lang.String,java.lang.String,java.lang.String)[pri:0, instance:com.Framework_with_cicd.TestCases.ElementsPageTest@7c7b252e]" started-at="2025-12-11T17:02:21 CST" name="TC04_XlDataProviderValidation" data-provider="getExcelData" finished-at="2025-12-11T17:02:22 CST" duration-ms="1213" status="PASS">
          <params>
            <param index="0">
              <value>
                <![CDATA[Dokuparthi]]>
              </value>
            </param>
            <param index="1">
              <value>
                <![CDATA[dokuparthi@gmail.com]]>
              </value>
            </param>
            <param index="2">
              <value>
                <![CDATA[123Dokuparthi]]>
              </value>
            </param>
            <param index="3">
              <value>
                <![CDATA[123fdsdfdf]]>
              </value>
            </param>
          </params>
          <reporter-output>
          </reporter-output>
        </test-method> <!-- TC04_XlDataProviderValidation -->
        <test-method is-config="true" signature="tearDown()[pri:0, instance:com.Framework_with_cicd.TestCases.ElementsPageTest@7c7b252e]" started-at="2025-12-11T17:02:22 CST" name="tearDown" finished-at="2025-12-11T17:02:22 CST" duration-ms="223" status="PASS">
          <reporter-output>
          </reporter-output>
        </test-method> <!-- tearDown -->
        <test-method is-config="true" signature="postConditions()[pri:0, instance:com.Framework_with_cicd.TestCases.ElementsPageTest@7c7b252e]" started-at="2025-12-11T17:02:22 CST" name="postConditions" finished-at="2025-12-11T17:02:23 CST" duration-ms="200" status="PASS">
          <reporter-output>
          </reporter-output>
        </test-method> <!-- postConditions -->
      </class> <!-- com.Framework_with_cicd.TestCases.ElementsPageTest -->
    </test> <!-- Test -->
  </suite> <!-- Suite -->
</testng-results>
