<?xml version="1.0" encoding="UTF-8"?>
<testsuite xmlns:xsi="http://www.w3.org/2001/XMLSchema-instance" xsi:noNamespaceSchemaLocation="https://maven.apache.org/surefire/maven-surefire-plugin/xsd/surefire-test-report.xsd" version="3.0.2" name="TestSuite" time="16.336" tests="3" errors="0" skipped="0" failures="0">
  <properties>
[...]
</properties>
  <testcase name="TC01_VerifyNavigationToElementsPage" classname="com.Framework_with_cicd.TestCases.ElementsPageTest" time="0.411">
    <system-out><![CDATA[2025-12-07 14:36:29 [main] INFO com.Framework_with_cicd.TestCases.BaseClass - Started TC01_VerifyNavigationToElementsPage......
2025-12-07 14:36:29 [main] INFO com.Framework_with_cicd.TestCases.BaseClass - Currently on the Home page
2025-12-07 14:36:29 [main] INFO com.Framework_with_cicd.TestCases.BaseClass - Scrolling down to the Elements label on the Elements card
2025-12-07 14:36:30 [main] INFO com.Framework_with_cicd.TestCases.BaseClass - Clicking the Elements card
2025-12-07 14:36:30 [main] INFO com.Framework_with_cicd.TestCases.BaseClass - Elements card is clicked!
2025-12-07 14:36:30 [main] INFO com.Framework_with_cicd.TestCases.BaseClass - Clicking the 'Text Box' option on the Elements page
2025-12-07 14:36:30 [main] INFO com.Framework_with_cicd.TestCases.BaseClass - Navigated to the Elements page successfully!!
]]></system-out>
    <system-err><![CDATA[SLF4J(W): No SLF4J providers were found.
SLF4J(W): Defaulting to no-operation (NOP) logger implementation
SLF4J(W): See https://www.slf4j.org/codes.html#noProviders for further details.
2025-12-07T20:36:25.013291300Z main INFO Starting configuration XmlConfiguration[location=C:\Users\Owner\eclipse-workspace\Framework_with_cicd\target\test-classes\log4j2.xml, lastModified=2025-11-18T17:55:55.626Z]...
2025-12-07T20:36:25.015293Z main INFO Configuration XmlConfiguration[location=C:\Users\Owner\eclipse-workspace\Framework_with_cicd\target\test-classes\log4j2.xml, lastModified=2025-11-18T17:55:55.626Z] started.
2025-12-07T20:36:25.018290200Z main INFO Stopping configuration org.apache.logging.log4j.core.config.DefaultConfiguration@7e5d9a50...
2025-12-07T20:36:25.019292400Z main INFO Configuration org.apache.logging.log4j.core.config.DefaultConfiguration@7e5d9a50 stopped.
]]></system-err>
  </testcase>
  <testcase name="TC02_ValidateTextBoxOptionOpensTextBoxPage" classname="com.Framework_with_cicd.TestCases.ElementsPageTest" time="0.567">
    <system-out><![CDATA[2025-12-07 14:36:34 [main] INFO com.Framework_with_cicd.TestCases.BaseClass - Started TC02_ValidateTextBoxOptionOpensTextBoxPage......
2025-12-07 14:36:34 [main] INFO com.Framework_with_cicd.TestCases.BaseClass - Currently on the Home page
2025-12-07 14:36:34 [main] INFO com.Framework_with_cicd.TestCases.BaseClass - Scrolling down to the Elements label on the Elements card
2025-12-07 14:36:34 [main] INFO com.Framework_with_cicd.TestCases.BaseClass - Clicking the Elements card
2025-12-07 14:36:34 [main] INFO com.Framework_with_cicd.TestCases.BaseClass - Elements card is clicked!
2025-12-07 14:36:34 [main] INFO com.Framework_with_cicd.TestCases.BaseClass - Clicking the 'Text Box' option on the Elements page
2025-12-07 14:36:34 [main] INFO com.Framework_with_cicd.TestCases.BaseClass - Text Box heading validation is done successfully!
]]></system-out>
  </testcase>
  <testcase name="TC03_ValidateTextBoxOptionOpensTextBoxPage" classname="com.Framework_with_cicd.TestCases.ElementsPageTest" time="0.905">
    <system-out><![CDATA[2025-12-07 14:36:38 [main] INFO com.Framework_with_cicd.TestCases.BaseClass - Started TC03_ValidateTextBoxOptionOpensTextBoxPage......
2025-12-07 14:36:38 [main] INFO com.Framework_with_cicd.TestCases.BaseClass - Currently on the Home page
2025-12-07 14:36:38 [main] INFO com.Framework_with_cicd.TestCases.BaseClass - Scrolling down to the Elements label on the Elements card
2025-12-07 14:36:38 [main] INFO com.Framework_with_cicd.TestCases.BaseClass - Clicking the Elements card
2025-12-07 14:36:39 [main] INFO com.Framework_with_cicd.TestCases.BaseClass - Elements card is clicked!
2025-12-07 14:36:39 [main] INFO com.Framework_with_cicd.TestCases.BaseClass - Clicking the 'Text Box' option on the Elements page
2025-12-07 14:36:39 [main] INFO com.Framework_with_cicd.TestCases.BaseClass - Text Box heading validation is done successfully!
2025-12-07 14:36:39 [main] INFO com.Framework_with_cicd.TestCases.BaseClass - Entered the Full Name
2025-12-07 14:36:39 [main] INFO com.Framework_with_cicd.TestCases.BaseClass - Entered the Email
2025-12-07 14:36:39 [main] INFO com.Framework_with_cicd.TestCases.BaseClass - Entered the Current Address
2025-12-07 14:36:39 [main] INFO com.Framework_with_cicd.TestCases.BaseClass - Entered the Permanent Address
]]></system-out>
  </testcase>
</testsuite>