<?xml version="1.0" encoding="UTF-8"?>
<testng-results ignored="0" total="6" passed="6" failed="0" skipped="0">
  <reporter-output>
  </reporter-output>
  <suite started-at="2025-12-08T17:16:14 CST" name="Suite" finished-at="2025-12-08T17:16:53 CST" duration-ms="39305">
    <groups>
    </groups>
    <test started-at="2025-12-08T17:16:14 CST" name="Test" finished-at="2025-12-08T17:16:53 CST" duration-ms="39305">
      <class name="com.Framework_with_cicd.TestCases.ElementsPageTest">
        <test-method is-config="true" signature="preConditions()[pri:0, instance:com.Framework_with_cicd.TestCases.ElementsPageTest@2b71e916]" started-at="2025-12-08T17:16:13 CST" name="preConditions" finished-at="2025-12-08T17:16:14 CST" duration-ms="159" status="PASS">
          <reporter-output>
          </reporter-output>
        </test-method> <!-- preConditions -->
        <test-method is-config="true" signature="setUp()[pri:0, instance:com.Framework_with_cicd.TestCases.ElementsPageTest@2b71e916]" started-at="2025-12-08T17:16:14 CST" name="setUp" finished-at="2025-12-08T17:16:19 CST" duration-ms="5728" status="PASS">
          <reporter-output>
          </reporter-output>
        </test-method> <!-- setUp -->
        <test-method signature="TC01_VerifyNavigationToElementsPage()[pri:0, instance:com.Framework_with_cicd.TestCases.ElementsPageTest@2b71e916]" started-at="2025-12-08T17:16:19 CST" name="TC01_VerifyNavigationToElementsPage" finished-at="2025-12-08T17:16:20 CST" duration-ms="483" status="PASS">
          <reporter-output>
          </reporter-output>
        </test-method> <!-- TC01_VerifyNavigationToElementsPage -->
        <test-method is-config="true" signature="tearDown()[pri:0, instance:com.Framework_with_cicd.TestCases.ElementsPageTest@2b71e916]" started-at="2025-12-08T17:16:20 CST" name="tearDown" finished-at="2025-12-08T17:16:20 CST" duration-ms="308" status="PASS">
          <reporter-output>
          </reporter-output>
        </test-method> <!-- tearDown -->
        <test-method is-config="true" signature="setUp()[pri:0, instance:com.Framework_with_cicd.TestCases.ElementsPageTest@2b71e916]" started-at="2025-12-08T17:16:20 CST" name="setUp" finished-at="2025-12-08T17:16:25 CST" duration-ms="4411" status="PASS">
          <reporter-output>
          </reporter-output>
        </test-method> <!-- setUp -->
        <test-method signature="TC02_ValidateTextBoxOptionOpensTextBoxPage()[pri:0, instance:com.Framework_with_cicd.TestCases.ElementsPageTest@2b71e916]" started-at="2025-12-08T17:16:25 CST" name="TC02_ValidateTextBoxOptionOpensTextBoxPage" finished-at="2025-12-08T17:16:25 CST" duration-ms="410" status="PASS">
          <reporter-output>
          </reporter-output>
        </test-method> <!-- TC02_ValidateTextBoxOptionOpensTextBoxPage -->
        <test-method is-config="true" signature="tearDown()[pri:0, instance:com.Framework_with_cicd.TestCases.ElementsPageTest@2b71e916]" started-at="2025-12-08T17:16:25 CST" name="tearDown" finished-at="2025-12-08T17:16:25 CST" duration-ms="214" status="PASS">
          <reporter-output>
          </reporter-output>
        </test-method> <!-- tearDown -->
        <test-method is-config="true" signature="setUp()[pri:0, instance:com.Framework_with_cicd.TestCases.ElementsPageTest@2b71e916]" started-at="2025-12-08T17:16:25 CST" name="setUp" finished-at="2025-12-08T17:16:29 CST" duration-ms="4221" status="PASS">
          <reporter-output>
          </reporter-output>
        </test-method> <!-- setUp -->
        <test-method signature="TC03_ValidateTextBoxOptionOpensTextBoxPage()[pri:0, instance:com.Framework_with_cicd.TestCases.ElementsPageTest@2b71e916]" started-at="2025-12-08T17:16:29 CST" name="TC03_ValidateTextBoxOptionOpensTextBoxPage" finished-at="2025-12-08T17:16:31 CST" duration-ms="1794" status="PASS">
          <reporter-output>
          </reporter-output>
        </test-method> <!-- TC03_ValidateTextBoxOptionOpensTextBoxPage -->
        <test-method is-config="true" signature="tearDown()[pri:0, instance:com.Framework_with_cicd.TestCases.ElementsPageTest@2b71e916]" started-at="2025-12-08T17:16:31 CST" name="tearDown" finished-at="2025-12-08T17:16:32 CST" duration-ms="291" status="PASS">
          <reporter-output>
          </reporter-output>
        </test-method> <!-- tearDown -->
        <test-method is-config="true" signature="setUp()[pri:0, instance:com.Framework_with_cicd.TestCases.ElementsPageTest@2b71e916]" started-at="2025-12-08T17:16:32 CST" name="setUp" finished-at="2025-12-08T17:16:37 CST" duration-ms="4445" status="PASS">
          <reporter-output>
          </reporter-output>
        </test-method> <!-- setUp -->
        <test-method signature="TC04_XlDataProviderValidation(java.lang.String,java.lang.String,java.lang.String,java.lang.String)[pri:0, instance:com.Framework_with_cicd.TestCases.ElementsPageTest@2b71e916]" started-at="2025-12-08T17:16:37 CST" name="TC04_XlDataProviderValidation" data-provider="getExcelData" finished-at="2025-12-08T17:16:38 CST" duration-ms="1690" status="PASS">
          <params>
            <param index="0">
              <value>
                <![CDATA[Mohan D]]>
              </value>
            </param>
            <param index="1">
              <value>
                <![CDATA[mohan@gmail.com]]>
              </value>
            </param>
            <param index="2">
              <value>
                <![CDATA[asdfg]]>
              </value>
            </param>
            <param index="3">
              <value>
                <![CDATA[asdf]]>
              </value>
            </param>
          </params>
          <reporter-output>
          </reporter-output>
        </test-method> <!-- TC04_XlDataProviderValidation -->
        <test-method is-config="true" signature="tearDown()[pri:0, instance:com.Framework_with_cicd.TestCases.ElementsPageTest@2b71e916]" started-at="2025-12-08T17:16:39 CST" name="tearDown" finished-at="2025-12-08T17:16:39 CST" duration-ms="251" status="PASS">
          <reporter-output>
          </reporter-output>
        </test-method> <!-- tearDown -->
        <test-method is-config="true" signature="setUp()[pri:0, instance:com.Framework_with_cicd.TestCases.ElementsPageTest@2b71e916]" started-at="2025-12-08T17:16:39 CST" name="setUp" finished-at="2025-12-08T17:16:43 CST" duration-ms="3985" status="PASS">
          <reporter-output>
          </reporter-output>
        </test-method> <!-- setUp -->
        <test-method signature="TC04_XlDataProviderValidation(java.lang.String,java.lang.String,java.lang.String,java.lang.String)[pri:0, instance:com.Framework_with_cicd.TestCases.ElementsPageTest@2b71e916]" started-at="2025-12-08T17:16:43 CST" name="TC04_XlDataProviderValidation" data-provider="getExcelData" finished-at="2025-12-08T17:16:45 CST" duration-ms="2169" status="PASS">
          <params>
            <param index="0">
              <value>
                <![CDATA[Rakesh]]>
              </value>
            </param>
            <param index="1">
              <value>
                <![CDATA[rakesh@gmail.com]]>
              </value>
            </param>
            <param index="2">
              <value>
                <![CDATA[gkjgfkj]]>
              </value>
            </param>
            <param index="3">
              <value>
                <![CDATA[kjdfkjdf]]>
              </value>
            </param>
          </params>
          <reporter-output>
          </reporter-output>
        </test-method> <!-- TC04_XlDataProviderValidation -->
        <test-method is-config="true" signature="tearDown()[pri:0, instance:com.Framework_with_cicd.TestCases.ElementsPageTest@2b71e916]" started-at="2025-12-08T17:16:45 CST" name="tearDown" finished-at="2025-12-08T17:16:45 CST" duration-ms="237" status="PASS">
          <reporter-output>
          </reporter-output>
        </test-method> <!-- tearDown -->
        <test-method is-config="true" signature="setUp()[pri:0, instance:com.Framework_with_cicd.TestCases.ElementsPageTest@2b71e916]" started-at="2025-12-08T17:16:45 CST" name="setUp" finished-at="2025-12-08T17:16:50 CST" duration-ms="4783" status="PASS">
          <reporter-output>
          </reporter-output>
        </test-method> <!-- setUp -->
        <test-method signature="TC05_ValidateTextBoxOptionOpensTextBoxPage1()[pri:0, instance:com.Framework_with_cicd.TestCases.ElementsPageTest@2b71e916]" started-at="2025-12-08T17:16:50 CST" name="TC05_ValidateTextBoxOptionOpensTextBoxPage1" finished-at="2025-12-08T17:16:53 CST" duration-ms="2661" status="PASS">
          <reporter-output>
          </reporter-output>
        </test-method> <!-- TC05_ValidateTextBoxOptionOpensTextBoxPage1 -->
        <test-method is-config="true" signature="tearDown()[pri:0, instance:com.Framework_with_cicd.TestCases.ElementsPageTest@2b71e916]" started-at="2025-12-08T17:16:53 CST" name="tearDown" finished-at="2025-12-08T17:16:53 CST" duration-ms="350" status="PASS">
          <reporter-output>
          </reporter-output>
        </test-method> <!-- tearDown -->
        <test-method is-config="true" signature="postConditions()[pri:0, instance:com.Framework_with_cicd.TestCases.ElementsPageTest@2b71e916]" started-at="2025-12-08T17:16:53 CST" name="postConditions" finished-at="2025-12-08T17:16:53 CST" duration-ms="316" status="PASS">
          <reporter-output>
          </reporter-output>
        </test-method> <!-- postConditions -->
      </class> <!-- com.Framework_with_cicd.TestCases.ElementsPageTest -->
    </test> <!-- Test -->
  </suite> <!-- Suite -->
</testng-results>
