<?xml version="1.0" encoding="UTF-8"?>
<testng-results ignored="0" total="3" passed="2" failed="1" skipped="0">
  <reporter-output>
  </reporter-output>
  <suite started-at="2025-12-06T10:34:28 CST" name="Suite" finished-at="2025-12-06T10:34:51 CST" duration-ms="22192">
    <groups>
    </groups>
    <test started-at="2025-12-06T10:34:28 CST" name="Test" finished-at="2025-12-06T10:34:51 CST" duration-ms="22192">
      <class name="com.Framework_with_cicd.TestCases.ElementsPageTest">
        <test-method is-config="true" signature="preConditions()[pri:0, instance:com.Framework_with_cicd.TestCases.ElementsPageTest@7d20d0b]" started-at="2025-12-06T10:34:28 CST" name="preConditions" finished-at="2025-12-06T10:34:28 CST" duration-ms="195" status="PASS">
          <reporter-output>
          </reporter-output>
        </test-method> <!-- preConditions -->
        <test-method is-config="true" signature="setUp()[pri:0, instance:com.Framework_with_cicd.TestCases.ElementsPageTest@7d20d0b]" started-at="2025-12-06T10:34:28 CST" name="setUp" finished-at="2025-12-06T10:34:36 CST" duration-ms="7854" status="PASS">
          <reporter-output>
          </reporter-output>
        </test-method> <!-- setUp -->
        <test-method signature="TC01_VerifyNavigationToElementsPage()[pri:0, instance:com.Framework_with_cicd.TestCases.ElementsPageTest@7d20d0b]" started-at="2025-12-06T10:34:36 CST" name="TC01_VerifyNavigationToElementsPage" finished-at="2025-12-06T10:34:37 CST" duration-ms="429" status="PASS">
          <reporter-output>
          </reporter-output>
        </test-method> <!-- TC01_VerifyNavigationToElementsPage -->
        <test-method is-config="true" signature="tearDown()[pri:0, instance:com.Framework_with_cicd.TestCases.ElementsPageTest@7d20d0b]" started-at="2025-12-06T10:34:37 CST" name="tearDown" finished-at="2025-12-06T10:34:37 CST" duration-ms="319" status="PASS">
          <reporter-output>
          </reporter-output>
        </test-method> <!-- tearDown -->
        <test-method is-config="true" signature="setUp()[pri:0, instance:com.Framework_with_cicd.TestCases.ElementsPageTest@7d20d0b]" started-at="2025-12-06T10:34:37 CST" name="setUp" finished-at="2025-12-06T10:34:42 CST" duration-ms="5037" status="PASS">
          <reporter-output>
          </reporter-output>
        </test-method> <!-- setUp -->
        <test-method signature="TC02_ValidateTextBoxOptionOpensTextBoxPage()[pri:0, instance:com.Framework_with_cicd.TestCases.ElementsPageTest@7d20d0b]" started-at="2025-12-06T10:34:42 CST" name="TC02_ValidateTextBoxOptionOpensTextBoxPage" finished-at="2025-12-06T10:34:42 CST" duration-ms="75" status="FAIL">
          <exception class="org.openqa.selenium.NoSuchElementException">
            <message>
              <![CDATA[no such element: Unable to locate element: {"method":"xpath","selector":"//span[contains(text(),'Text Box')]"}
  (Session info: chrome=142.0.7444.176)
For documentation on this error, please visit: https://www.selenium.dev/documentation/webdriver/troubleshooting/errors#nosuchelementexception
Build info: version: '4.38.0', revision: '6b412e825c*'
System info: os.name: 'Windows 11', os.arch: 'amd64', os.version: '10.0', java.version: '22.0.1'
Driver info: org.openqa.selenium.chrome.ChromeDriver
Command: [8506d92331d7371a0b8be2094c955494, findElement {using=xpath, value=//span[contains(text(),'Text Box')]}]
Capabilities {acceptInsecureCerts: false, browserName: chrome, browserVersion: 142.0.7444.176, chrome: {chromedriverVersion: 142.0.7444.175 (302067f14a4..., userDataDir: C:\Users\Owner\AppData\Loca...}, fedcm:accounts: true, goog:chromeOptions: {debuggerAddress: localhost:49282}, goog:processID: 42196, networkConnectionEnabled: false, pageLoadStrategy: normal, platformName: windows, proxy: Proxy(), se:cdp: ws://localhost:49282/devtoo..., se:cdpVersion: 142.0.7444.176, setWindowRect: true, strictFileInteractability: false, timeouts: {implicit: 0, pageLoad: 300000, script: 30000}, unhandledPromptBehavior: dismiss and notify, webauthn:extension:credBlob: true, webauthn:extension:largeBlob: true, webauthn:extension:minPinLength: true, webauthn:extension:prf: true, webauthn:virtualAuthenticators: true}
Session ID: 8506d92331d7371a0b8be2094c955494]]>
            </message>
            <full-stacktrace>
              <![CDATA[org.openqa.selenium.NoSuchElementException: no such element: Unable to locate element: {"method":"xpath","selector":"//span[contains(text(),'Text Box')]"}
  (Session info: chrome=142.0.7444.176)
For documentation on this error, please visit: https://www.selenium.dev/documentation/webdriver/troubleshooting/errors#nosuchelementexception
Build info: version: '4.38.0', revision: '6b412e825c*'
System info: os.name: 'Windows 11', os.arch: 'amd64', os.version: '10.0', java.version: '22.0.1'
Driver info: org.openqa.selenium.chrome.ChromeDriver
Command: [8506d92331d7371a0b8be2094c955494, findElement {using=xpath, value=//span[contains(text(),'Text Box')]}]
Capabilities {acceptInsecureCerts: false, browserName: chrome, browserVersion: 142.0.7444.176, chrome: {chromedriverVersion: 142.0.7444.175 (302067f14a4..., userDataDir: C:\Users\Owner\AppData\Loca...}, fedcm:accounts: true, goog:chromeOptions: {debuggerAddress: localhost:49282}, goog:processID: 42196, networkConnectionEnabled: false, pageLoadStrategy: normal, platformName: windows, proxy: Proxy(), se:cdp: ws://localhost:49282/devtoo..., se:cdpVersion: 142.0.7444.176, setWindowRect: true, strictFileInteractability: false, timeouts: {implicit: 0, pageLoad: 300000, script: 30000}, unhandledPromptBehavior: dismiss and notify, webauthn:extension:credBlob: true, webauthn:extension:largeBlob: true, webauthn:extension:minPinLength: true, webauthn:extension:prf: true, webauthn:virtualAuthenticators: true}
Session ID: 8506d92331d7371a0b8be2094c955494
at java.base/jdk.internal.reflect.DirectConstructorHandleAccessor.newInstance(DirectConstructorHandleAccessor.java:62)
at java.base/java.lang.reflect.Constructor.newInstanceWithCaller(Constructor.java:502)
at java.base/java.lang.reflect.Constructor.newInstance(Constructor.java:486)
at org.openqa.selenium.remote.ErrorCodec.decode(ErrorCodec.java:167)
at org.openqa.selenium.remote.codec.w3c.W3CHttpResponseCodec.decode(W3CHttpResponseCodec.java:138)
at org.openqa.selenium.remote.codec.w3c.W3CHttpResponseCodec.decode(W3CHttpResponseCodec.java:50)
at org.openqa.selenium.remote.HttpCommandExecutor.execute(HttpCommandExecutor.java:215)
at org.openqa.selenium.remote.service.DriverCommandExecutor.invokeExecute(DriverCommandExecutor.java:216)
at org.openqa.selenium.remote.service.DriverCommandExecutor.execute(DriverCommandExecutor.java:174)
at org.openqa.selenium.remote.RemoteWebDriver.execute(RemoteWebDriver.java:557)
at org.openqa.selenium.remote.ElementLocation$ElementFinder$2.findElement(ElementLocation.java:165)
at org.openqa.selenium.remote.ElementLocation.findElement(ElementLocation.java:59)
at org.openqa.selenium.remote.RemoteWebDriver.findElement(RemoteWebDriver.java:380)
at org.openqa.selenium.remote.RemoteWebDriver.findElement(RemoteWebDriver.java:374)
at org.openqa.selenium.support.pagefactory.DefaultElementLocator.findElement(DefaultElementLocator.java:68)
at org.openqa.selenium.support.pagefactory.internal.LocatingElementHandler.invoke(LocatingElementHandler.java:38)
at jdk.proxy2/jdk.proxy2.$Proxy31.click(Unknown Source)
at com.Framework_with_cicd.PageObjects.ElementsPage.clickTextBoxOption(ElementsPage.java:76)
at com.Framework_with_cicd.TestCases.ElementsPageTest.TC02_ValidateTextBoxOptionOpensTextBoxPage(ElementsPageTest.java:85)
at java.base/jdk.internal.reflect.DirectMethodHandleAccessor.invoke(DirectMethodHandleAccessor.java:103)
at java.base/java.lang.reflect.Method.invoke(Method.java:580)
at org.testng.internal.invokers.MethodInvocationHelper.invokeMethod(MethodInvocationHelper.java:141)
at org.testng.internal.invokers.TestInvoker.invokeMethod(TestInvoker.java:687)
at org.testng.internal.invokers.TestInvoker.invokeTestMethod(TestInvoker.java:230)
at org.testng.internal.invokers.MethodRunner.runInSequence(MethodRunner.java:63)
at org.testng.internal.invokers.TestInvoker$MethodInvocationAgent.invoke(TestInvoker.java:995)
at org.testng.internal.invokers.TestInvoker.invokeTestMethods(TestInvoker.java:203)
at org.testng.internal.invokers.TestMethodWorker.invokeTestMethods(TestMethodWorker.java:154)
at org.testng.internal.invokers.TestMethodWorker.run(TestMethodWorker.java:134)
at java.base/java.util.ArrayList.forEach(ArrayList.java:1597)
at org.testng.TestRunner.privateRun(TestRunner.java:741)
at org.testng.TestRunner.run(TestRunner.java:616)
at org.testng.SuiteRunner.runTest(SuiteRunner.java:421)
at org.testng.SuiteRunner.runSequentially(SuiteRunner.java:413)
at org.testng.SuiteRunner.privateRun(SuiteRunner.java:373)
at org.testng.SuiteRunner.run(SuiteRunner.java:312)
at org.testng.SuiteRunnerWorker.runSuite(SuiteRunnerWorker.java:52)
at org.testng.SuiteRunnerWorker.run(SuiteRunnerWorker.java:95)
at org.testng.TestNG.runSuitesSequentially(TestNG.java:1274)
at org.testng.TestNG.runSuitesLocally(TestNG.java:1208)
at org.testng.TestNG.runSuites(TestNG.java:1112)
at org.testng.TestNG.run(TestNG.java:1079)
at org.testng.remote.AbstractRemoteTestNG.run(AbstractRemoteTestNG.java:115)
at org.testng.remote.RemoteTestNG.initAndRun(RemoteTestNG.java:293)
at org.testng.remote.RemoteTestNG.main(RemoteTestNG.java:91)
]]>
            </full-stacktrace>
          </exception> <!-- org.openqa.selenium.NoSuchElementException -->
          <reporter-output>
          </reporter-output>
        </test-method> <!-- TC02_ValidateTextBoxOptionOpensTextBoxPage -->
        <test-method is-config="true" signature="tearDown()[pri:0, instance:com.Framework_with_cicd.TestCases.ElementsPageTest@7d20d0b]" started-at="2025-12-06T10:34:42 CST" name="tearDown" finished-at="2025-12-06T10:34:43 CST" duration-ms="177" status="PASS">
          <reporter-output>
          </reporter-output>
        </test-method> <!-- tearDown -->
        <test-method is-config="true" signature="setUp()[pri:0, instance:com.Framework_with_cicd.TestCases.ElementsPageTest@7d20d0b]" started-at="2025-12-06T10:34:43 CST" name="setUp" finished-at="2025-12-06T10:34:49 CST" duration-ms="6836" status="PASS">
          <reporter-output>
          </reporter-output>
        </test-method> <!-- setUp -->
        <test-method signature="TC03_ValidateTextBoxOptionOpensTextBoxPage()[pri:0, instance:com.Framework_with_cicd.TestCases.ElementsPageTest@7d20d0b]" started-at="2025-12-06T10:34:49 CST" name="TC03_ValidateTextBoxOptionOpensTextBoxPage" finished-at="2025-12-06T10:34:50 CST" duration-ms="845" status="PASS">
          <reporter-output>
          </reporter-output>
        </test-method> <!-- TC03_ValidateTextBoxOptionOpensTextBoxPage -->
        <test-method is-config="true" signature="tearDown()[pri:0, instance:com.Framework_with_cicd.TestCases.ElementsPageTest@7d20d0b]" started-at="2025-12-06T10:34:50 CST" name="tearDown" finished-at="2025-12-06T10:34:51 CST" duration-ms="233" status="PASS">
          <reporter-output>
          </reporter-output>
        </test-method> <!-- tearDown -->
        <test-method is-config="true" signature="postConditions()[pri:0, instance:com.Framework_with_cicd.TestCases.ElementsPageTest@7d20d0b]" started-at="2025-12-06T10:34:51 CST" name="postConditions" finished-at="2025-12-06T10:34:51 CST" duration-ms="250" status="PASS">
          <reporter-output>
          </reporter-output>
        </test-method> <!-- postConditions -->
      </class> <!-- com.Framework_with_cicd.TestCases.ElementsPageTest -->
    </test> <!-- Test -->
  </suite> <!-- Suite -->
</testng-results>
