<?xml version="1.0" encoding="UTF-8"?>
<!-- Generated by org.testng.reporters.JUnitReportReporter -->
<testsuite hostname="DESKTOP-DDIML4T" failures="0" tests="1" name="com.Framework_with_cicd.TestCases.ElementsClickTest" time="6.798" errors="0" timestamp="2025-11-17T14:39:46 CST" skipped="0">
  <testcase classname="com.Framework_with_cicd.TestCases.ElementsClickTest" name="TC01_VerifyNavigationToElementsPage" time="6.798"/>
</testsuite> <!-- com.Framework_with_cicd.TestCases.ElementsClickTest -->
