<?xml version="1.0" encoding="UTF-8"?>
<!-- Generated by org.testng.reporters.JUnitReportReporter -->
<testsuite hostname="DESKTOP-DDIML4T" failures="0" tests="3" name="com.Framework_with_cicd.TestCases.ElementsPageTest" time="23.314" errors="0" timestamp="2025-11-18T14:09:32 CST" skipped="0">
  <testcase classname="com.Framework_with_cicd.TestCases.ElementsPageTest" name="TC03_ValidateTextBoxOptionOpensTextBoxPage" time="7.374"/>
  <testcase classname="com.Framework_with_cicd.TestCases.ElementsPageTest" name="TC02_ValidateTextBoxOptionOpensTextBoxPage" time="5.578"/>
  <testcase classname="com.Framework_with_cicd.TestCases.ElementsPageTest" name="TC01_VerifyNavigationToElementsPage" time="10.362"/>
</testsuite> <!-- com.Framework_with_cicd.TestCases.ElementsPageTest -->
