<?xml version="1.0" encoding="UTF-8"?>
<!-- Generated by org.testng.reporters.JUnitReportReporter -->
<testsuite hostname="DESKTOP-DDIML4T" failures="0" tests="6" name="com.Framework_with_cicd.TestCases.ElementsPageTest" time="36.062" errors="0" timestamp="2025-12-10T16:45:01 CST" skipped="0">
  <testcase classname="com.Framework_with_cicd.TestCases.ElementsPageTest" name="TC04_XlDataProviderValidation" time="5.525"/>
  <testcase classname="com.Framework_with_cicd.TestCases.ElementsPageTest" name="TC01_VerifyNavigationToElementsPage" time="4.992"/>
  <testcase classname="com.Framework_with_cicd.TestCases.ElementsPageTest" name="TC03_ValidateTextBoxOptionOpensTextBoxPage" time="8.258"/>
  <testcase classname="com.Framework_with_cicd.TestCases.ElementsPageTest" name="TC05_ValidateTextBoxOptionOpensTextBoxPage1" time="5.963"/>
  <testcase classname="com.Framework_with_cicd.TestCases.ElementsPageTest" name="TC04_XlDataProviderValidation" time="5.749"/>
  <testcase classname="com.Framework_with_cicd.TestCases.ElementsPageTest" name="TC02_ValidateTextBoxOptionOpensTextBoxPage" time="5.575"/>
</testsuite> <!-- com.Framework_with_cicd.TestCases.ElementsPageTest -->
