<?xml version="1.0" encoding="UTF-8"?>
<!-- Generated by org.testng.reporters.JUnitReportReporter -->
<testsuite hostname="DESKTOP-DDIML4T" failures="0" tests="6" name="com.Framework_with_cicd.TestCases.ElementsPageTest" time="38.431" errors="0" timestamp="2025-12-08T17:16:53 CST" skipped="0">
  <testcase classname="com.Framework_with_cicd.TestCases.ElementsPageTest" name="TC04_XlDataProviderValidation" time="6.831"/>
  <testcase classname="com.Framework_with_cicd.TestCases.ElementsPageTest" name="TC05_ValidateTextBoxOptionOpensTextBoxPage1" time="7.681"/>
  <testcase classname="com.Framework_with_cicd.TestCases.ElementsPageTest" name="TC02_ValidateTextBoxOptionOpensTextBoxPage" time="4.981"/>
  <testcase classname="com.Framework_with_cicd.TestCases.ElementsPageTest" name="TC03_ValidateTextBoxOptionOpensTextBoxPage" time="7.736"/>
  <testcase classname="com.Framework_with_cicd.TestCases.ElementsPageTest" name="TC04_XlDataProviderValidation" time="6.426"/>
  <testcase classname="com.Framework_with_cicd.TestCases.ElementsPageTest" name="TC01_VerifyNavigationToElementsPage" time="4.776"/>
</testsuite> <!-- com.Framework_with_cicd.TestCases.ElementsPageTest -->
